<?xml version="1.0" encoding="UTF-8"?>
<robot generator="Robot 5.0 (Python 3.9.5 on linux)" generated="20220502 14:09:30.470" rpa="true" schemaversion="3">
<suite id="s1" name="Loop" source="/home/avorotyn/github/pytest-demo-project-01/src/tests/robot/src/tests/loop.robot">
<test id="s1-t1" name="Regular loop" line="8">
<for flavor="IN">
<var>${bike}</var>
<value>@{BIKES}</value>
<iter>
<var name="${bike}">Stels</var>
<kw name="Log To Console" library="BuiltIn">
<arg>\n${bike}</arg>
<doc>Logs the given message to the console.</doc>
<status status="PASS" starttime="20220502 14:09:30.490" endtime="20220502 14:09:30.490"/>
</kw>
<status status="PASS" starttime="20220502 14:09:30.490" endtime="20220502 14:09:30.490"/>
</iter>
<iter>
<var name="${bike}">Forward</var>
<kw name="Log To Console" library="BuiltIn">
<arg>\n${bike}</arg>
<doc>Logs the given message to the console.</doc>
<status status="PASS" starttime="20220502 14:09:30.490" endtime="20220502 14:09:30.491"/>
</kw>
<status status="PASS" starttime="20220502 14:09:30.490" endtime="20220502 14:09:30.491"/>
</iter>
<iter>
<var name="${bike}">Author</var>
<kw name="Log To Console" library="BuiltIn">
<arg>\n${bike}</arg>
<doc>Logs the given message to the console.</doc>
<status status="PASS" starttime="20220502 14:09:30.491" endtime="20220502 14:09:30.491"/>
</kw>
<status status="PASS" starttime="20220502 14:09:30.491" endtime="20220502 14:09:30.491"/>
</iter>
<iter>
<var name="${bike}">Trek</var>
<kw name="Log To Console" library="BuiltIn">
<arg>\n${bike}</arg>
<doc>Logs the given message to the console.</doc>
<status status="PASS" starttime="20220502 14:09:30.491" endtime="20220502 14:09:30.492"/>
</kw>
<status status="PASS" starttime="20220502 14:09:30.491" endtime="20220502 14:09:30.492"/>
</iter>
<status status="PASS" starttime="20220502 14:09:30.490" endtime="20220502 14:09:30.492"/>
</for>
<status status="PASS" starttime="20220502 14:09:30.489" endtime="20220502 14:09:30.492"/>
</test>
<test id="s1-t2" name="Break out of the for loop on condition" line="14">
<for flavor="IN">
<var>${bike}</var>
<value>@{BIKES}</value>
<iter>
<var name="${bike}">Stels</var>
<kw name="Exit For Loop If" library="BuiltIn">
<arg>$bike == 'Author'</arg>
<doc>Stops executing the enclosing FOR loop if the ``condition`` is true.</doc>
<status status="PASS" starttime="20220502 14:09:30.493" endtime="20220502 14:09:30.496"/>
</kw>
<kw name="Log To Console" library="BuiltIn">
<arg>\n${bike}</arg>
<doc>Logs the given message to the console.</doc>
<status status="PASS" starttime="20220502 14:09:30.496" endtime="20220502 14:09:30.496"/>
</kw>
<status status="PASS" starttime="20220502 14:09:30.493" endtime="20220502 14:09:30.496"/>
</iter>
<iter>
<var name="${bike}">Forward</var>
<kw name="Exit For Loop If" library="BuiltIn">
<arg>$bike == 'Author'</arg>
<doc>Stops executing the enclosing FOR loop if the ``condition`` is true.</doc>
<status status="PASS" starttime="20220502 14:09:30.496" endtime="20220502 14:09:30.497"/>
</kw>
<kw name="Log To Console" library="BuiltIn">
<arg>\n${bike}</arg>
<doc>Logs the given message to the console.</doc>
<status status="PASS" starttime="20220502 14:09:30.497" endtime="20220502 14:09:30.497"/>
</kw>
<status status="PASS" starttime="20220502 14:09:30.496" endtime="20220502 14:09:30.497"/>
</iter>
<iter>
<var name="${bike}">Author</var>
<kw name="Exit For Loop If" library="BuiltIn">
<arg>$bike == 'Author'</arg>
<doc>Stops executing the enclosing FOR loop if the ``condition`` is true.</doc>
<msg timestamp="20220502 14:09:30.497" level="INFO">Exiting for loop altogether.</msg>
<status status="PASS" starttime="20220502 14:09:30.497" endtime="20220502 14:09:30.498"/>
</kw>
<kw name="Log To Console" library="BuiltIn">
<arg>\n${bike}</arg>
<doc>Logs the given message to the console.</doc>
<status status="NOT RUN" starttime="20220502 14:09:30.498" endtime="20220502 14:09:30.498"/>
</kw>
<status status="PASS" starttime="20220502 14:09:30.497" endtime="20220502 14:09:30.498"/>
</iter>
<status status="PASS" starttime="20220502 14:09:30.492" endtime="20220502 14:09:30.498"/>
</for>
<status status="PASS" starttime="20220502 14:09:30.492" endtime="20220502 14:09:30.498"/>
</test>
<test id="s1-t3" name="Numeric For" line="20">
<kw name="Set Variable" library="BuiltIn">
<var>${i}</var>
<arg>0</arg>
<doc>Returns the given values which can then be assigned to a variables.</doc>
<msg timestamp="20220502 14:09:30.499" level="INFO">${i} = 0</msg>
<status status="PASS" starttime="20220502 14:09:30.499" endtime="20220502 14:09:30.499"/>
</kw>
<for flavor="IN RANGE">
<var>${i}</var>
<value>51</value>
<iter>
<var name="${i}">0</var>
<kw name="Log To Console" library="BuiltIn">
<arg>${i}</arg>
<doc>Logs the given message to the console.</doc>
<status status="PASS" starttime="20220502 14:09:30.499" endtime="20220502 14:09:30.499"/>
</kw>
<status status="PASS" starttime="20220502 14:09:30.499" endtime="20220502 14:09:30.499"/>
</iter>
<iter>
<var name="${i}">1</var>
<kw name="Log To Console" library="BuiltIn">
<arg>${i}</arg>
<doc>Logs the given message to the console.</doc>
<status status="PASS" starttime="20220502 14:09:30.500" endtime="20220502 14:09:30.500"/>
</kw>
<status status="PASS" starttime="20220502 14:09:30.499" endtime="20220502 14:09:30.500"/>
</iter>
<iter>
<var name="${i}">2</var>
<kw name="Log To Console" library="BuiltIn">
<arg>${i}</arg>
<doc>Logs the given message to the console.</doc>
<status status="PASS" starttime="20220502 14:09:30.500" endtime="20220502 14:09:30.500"/>
</kw>
<status status="PASS" starttime="20220502 14:09:30.500" endtime="20220502 14:09:30.500"/>
</iter>
<iter>
<var name="${i}">3</var>
<kw name="Log To Console" library="BuiltIn">
<arg>${i}</arg>
<doc>Logs the given message to the console.</doc>
<status status="PASS" starttime="20220502 14:09:30.500" endtime="20220502 14:09:30.500"/>
</kw>
<status status="PASS" starttime="20220502 14:09:30.500" endtime="20220502 14:09:30.501"/>
</iter>
<iter>
<var name="${i}">4</var>
<kw name="Log To Console" library="BuiltIn">
<arg>${i}</arg>
<doc>Logs the given message to the console.</doc>
<status status="PASS" starttime="20220502 14:09:30.501" endtime="20220502 14:09:30.501"/>
</kw>
<status status="PASS" starttime="20220502 14:09:30.501" endtime="20220502 14:09:30.501"/>
</iter>
<iter>
<var name="${i}">5</var>
<kw name="Log To Console" library="BuiltIn">
<arg>${i}</arg>
<doc>Logs the given message to the console.</doc>
<status status="PASS" starttime="20220502 14:09:30.501" endtime="20220502 14:09:30.501"/>
</kw>
<status status="PASS" starttime="20220502 14:09:30.501" endtime="20220502 14:09:30.501"/>
</iter>
<iter>
<var name="${i}">6</var>
<kw name="Log To Console" library="BuiltIn">
<arg>${i}</arg>
<doc>Logs the given message to the console.</doc>
<status status="PASS" starttime="20220502 14:09:30.501" endtime="20220502 14:09:30.502"/>
</kw>
<status status="PASS" starttime="20220502 14:09:30.501" endtime="20220502 14:09:30.502"/>
</iter>
<iter>
<var name="${i}">7</var>
<kw name="Log To Console" library="BuiltIn">
<arg>${i}</arg>
<doc>Logs the given message to the console.</doc>
<status status="PASS" starttime="20220502 14:09:30.502" endtime="20220502 14:09:30.502"/>
</kw>
<status status="PASS" starttime="20220502 14:09:30.502" endtime="20220502 14:09:30.502"/>
</iter>
<iter>
<var name="${i}">8</var>
<kw name="Log To Console" library="BuiltIn">
<arg>${i}</arg>
<doc>Logs the given message to the console.</doc>
<status status="PASS" starttime="20220502 14:09:30.502" endtime="20220502 14:09:30.502"/>
</kw>
<status status="PASS" starttime="20220502 14:09:30.502" endtime="20220502 14:09:30.502"/>
</iter>
<iter>
<var name="${i}">9</var>
<kw name="Log To Console" library="BuiltIn">
<arg>${i}</arg>
<doc>Logs the given message to the console.</doc>
<status status="PASS" starttime="20220502 14:09:30.503" endtime="20220502 14:09:30.503"/>
</kw>
<status status="PASS" starttime="20220502 14:09:30.502" endtime="20220502 14:09:30.503"/>
</iter>
<iter>
<var name="${i}">10</var>
<kw name="Log To Console" library="BuiltIn">
<arg>${i}</arg>
<doc>Logs the given message to the console.</doc>
<status status="PASS" starttime="20220502 14:09:30.503" endtime="20220502 14:09:30.503"/>
</kw>
<status status="PASS" starttime="20220502 14:09:30.503" endtime="20220502 14:09:30.503"/>
</iter>
<iter>
<var name="${i}">11</var>
<kw name="Log To Console" library="BuiltIn">
<arg>${i}</arg>
<doc>Logs the given message to the console.</doc>
<status status="PASS" starttime="20220502 14:09:30.503" endtime="20220502 14:09:30.504"/>
</kw>
<status status="PASS" starttime="20220502 14:09:30.503" endtime="20220502 14:09:30.504"/>
</iter>
<iter>
<var name="${i}">12</var>
<kw name="Log To Console" library="BuiltIn">
<arg>${i}</arg>
<doc>Logs the given message to the console.</doc>
<status status="PASS" starttime="20220502 14:09:30.504" endtime="20220502 14:09:30.504"/>
</kw>
<status status="PASS" starttime="20220502 14:09:30.504" endtime="20220502 14:09:30.504"/>
</iter>
<iter>
<var name="${i}">13</var>
<kw name="Log To Console" library="BuiltIn">
<arg>${i}</arg>
<doc>Logs the given message to the console.</doc>
<status status="PASS" starttime="20220502 14:09:30.504" endtime="20220502 14:09:30.504"/>
</kw>
<status status="PASS" starttime="20220502 14:09:30.504" endtime="20220502 14:09:30.504"/>
</iter>
<iter>
<var name="${i}">14</var>
<kw name="Log To Console" library="BuiltIn">
<arg>${i}</arg>
<doc>Logs the given message to the console.</doc>
<status status="PASS" starttime="20220502 14:09:30.504" endtime="20220502 14:09:30.505"/>
</kw>
<status status="PASS" starttime="20220502 14:09:30.504" endtime="20220502 14:09:30.505"/>
</iter>
<iter>
<var name="${i}">15</var>
<kw name="Log To Console" library="BuiltIn">
<arg>${i}</arg>
<doc>Logs the given message to the console.</doc>
<status status="PASS" starttime="20220502 14:09:30.505" endtime="20220502 14:09:30.505"/>
</kw>
<status status="PASS" starttime="20220502 14:09:30.505" endtime="20220502 14:09:30.505"/>
</iter>
<iter>
<var name="${i}">16</var>
<kw name="Log To Console" library="BuiltIn">
<arg>${i}</arg>
<doc>Logs the given message to the console.</doc>
<status status="PASS" starttime="20220502 14:09:30.505" endtime="20220502 14:09:30.505"/>
</kw>
<status status="PASS" starttime="20220502 14:09:30.505" endtime="20220502 14:09:30.505"/>
</iter>
<iter>
<var name="${i}">17</var>
<kw name="Log To Console" library="BuiltIn">
<arg>${i}</arg>
<doc>Logs the given message to the console.</doc>
<status status="PASS" starttime="20220502 14:09:30.506" endtime="20220502 14:09:30.506"/>
</kw>
<status status="PASS" starttime="20220502 14:09:30.505" endtime="20220502 14:09:30.506"/>
</iter>
<iter>
<var name="${i}">18</var>
<kw name="Log To Console" library="BuiltIn">
<arg>${i}</arg>
<doc>Logs the given message to the console.</doc>
<status status="PASS" starttime="20220502 14:09:30.506" endtime="20220502 14:09:30.506"/>
</kw>
<status status="PASS" starttime="20220502 14:09:30.506" endtime="20220502 14:09:30.506"/>
</iter>
<iter>
<var name="${i}">19</var>
<kw name="Log To Console" library="BuiltIn">
<arg>${i}</arg>
<doc>Logs the given message to the console.</doc>
<status status="PASS" starttime="20220502 14:09:30.506" endtime="20220502 14:09:30.507"/>
</kw>
<status status="PASS" starttime="20220502 14:09:30.506" endtime="20220502 14:09:30.507"/>
</iter>
<iter>
<var name="${i}">20</var>
<kw name="Log To Console" library="BuiltIn">
<arg>${i}</arg>
<doc>Logs the given message to the console.</doc>
<status status="PASS" starttime="20220502 14:09:30.507" endtime="20220502 14:09:30.507"/>
</kw>
<status status="PASS" starttime="20220502 14:09:30.507" endtime="20220502 14:09:30.507"/>
</iter>
<iter>
<var name="${i}">21</var>
<kw name="Log To Console" library="BuiltIn">
<arg>${i}</arg>
<doc>Logs the given message to the console.</doc>
<status status="PASS" starttime="20220502 14:09:30.507" endtime="20220502 14:09:30.507"/>
</kw>
<status status="PASS" starttime="20220502 14:09:30.507" endtime="20220502 14:09:30.508"/>
</iter>
<iter>
<var name="${i}">22</var>
<kw name="Log To Console" library="BuiltIn">
<arg>${i}</arg>
<doc>Logs the given message to the console.</doc>
<status status="PASS" starttime="20220502 14:09:30.508" endtime="20220502 14:09:30.508"/>
</kw>
<status status="PASS" starttime="20220502 14:09:30.508" endtime="20220502 14:09:30.508"/>
</iter>
<iter>
<var name="${i}">23</var>
<kw name="Log To Console" library="BuiltIn">
<arg>${i}</arg>
<doc>Logs the given message to the console.</doc>
<status status="PASS" starttime="20220502 14:09:30.508" endtime="20220502 14:09:30.508"/>
</kw>
<status status="PASS" starttime="20220502 14:09:30.508" endtime="20220502 14:09:30.508"/>
</iter>
<iter>
<var name="${i}">24</var>
<kw name="Log To Console" library="BuiltIn">
<arg>${i}</arg>
<doc>Logs the given message to the console.</doc>
<status status="PASS" starttime="20220502 14:09:30.508" endtime="20220502 14:09:30.509"/>
</kw>
<status status="PASS" starttime="20220502 14:09:30.508" endtime="20220502 14:09:30.509"/>
</iter>
<iter>
<var name="${i}">25</var>
<kw name="Log To Console" library="BuiltIn">
<arg>${i}</arg>
<doc>Logs the given message to the console.</doc>
<status status="PASS" starttime="20220502 14:09:30.509" endtime="20220502 14:09:30.509"/>
</kw>
<status status="PASS" starttime="20220502 14:09:30.509" endtime="20220502 14:09:30.509"/>
</iter>
<iter>
<var name="${i}">26</var>
<kw name="Log To Console" library="BuiltIn">
<arg>${i}</arg>
<doc>Logs the given message to the console.</doc>
<status status="PASS" starttime="20220502 14:09:30.509" endtime="20220502 14:09:30.509"/>
</kw>
<status status="PASS" starttime="20220502 14:09:30.509" endtime="20220502 14:09:30.509"/>
</iter>
<iter>
<var name="${i}">27</var>
<kw name="Log To Console" library="BuiltIn">
<arg>${i}</arg>
<doc>Logs the given message to the console.</doc>
<status status="PASS" starttime="20220502 14:09:30.510" endtime="20220502 14:09:30.510"/>
</kw>
<status status="PASS" starttime="20220502 14:09:30.509" endtime="20220502 14:09:30.510"/>
</iter>
<iter>
<var name="${i}">28</var>
<kw name="Log To Console" library="BuiltIn">
<arg>${i}</arg>
<doc>Logs the given message to the console.</doc>
<status status="PASS" starttime="20220502 14:09:30.510" endtime="20220502 14:09:30.510"/>
</kw>
<status status="PASS" starttime="20220502 14:09:30.510" endtime="20220502 14:09:30.510"/>
</iter>
<iter>
<var name="${i}">29</var>
<kw name="Log To Console" library="BuiltIn">
<arg>${i}</arg>
<doc>Logs the given message to the console.</doc>
<status status="PASS" starttime="20220502 14:09:30.510" endtime="20220502 14:09:30.510"/>
</kw>
<status status="PASS" starttime="20220502 14:09:30.510" endtime="20220502 14:09:30.511"/>
</iter>
<iter>
<var name="${i}">30</var>
<kw name="Log To Console" library="BuiltIn">
<arg>${i}</arg>
<doc>Logs the given message to the console.</doc>
<status status="PASS" starttime="20220502 14:09:30.511" endtime="20220502 14:09:30.511"/>
</kw>
<status status="PASS" starttime="20220502 14:09:30.511" endtime="20220502 14:09:30.511"/>
</iter>
<iter>
<var name="${i}">31</var>
<kw name="Log To Console" library="BuiltIn">
<arg>${i}</arg>
<doc>Logs the given message to the console.</doc>
<status status="PASS" starttime="20220502 14:09:30.511" endtime="20220502 14:09:30.511"/>
</kw>
<status status="PASS" starttime="20220502 14:09:30.511" endtime="20220502 14:09:30.511"/>
</iter>
<iter>
<var name="${i}">32</var>
<kw name="Log To Console" library="BuiltIn">
<arg>${i}</arg>
<doc>Logs the given message to the console.</doc>
<status status="PASS" starttime="20220502 14:09:30.511" endtime="20220502 14:09:30.512"/>
</kw>
<status status="PASS" starttime="20220502 14:09:30.511" endtime="20220502 14:09:30.512"/>
</iter>
<iter>
<var name="${i}">33</var>
<kw name="Log To Console" library="BuiltIn">
<arg>${i}</arg>
<doc>Logs the given message to the console.</doc>
<status status="PASS" starttime="20220502 14:09:30.512" endtime="20220502 14:09:30.512"/>
</kw>
<status status="PASS" starttime="20220502 14:09:30.512" endtime="20220502 14:09:30.512"/>
</iter>
<iter>
<var name="${i}">34</var>
<kw name="Log To Console" library="BuiltIn">
<arg>${i}</arg>
<doc>Logs the given message to the console.</doc>
<status status="PASS" starttime="20220502 14:09:30.512" endtime="20220502 14:09:30.512"/>
</kw>
<status status="PASS" starttime="20220502 14:09:30.512" endtime="20220502 14:09:30.512"/>
</iter>
<iter>
<var name="${i}">35</var>
<kw name="Log To Console" library="BuiltIn">
<arg>${i}</arg>
<doc>Logs the given message to the console.</doc>
<status status="PASS" starttime="20220502 14:09:30.513" endtime="20220502 14:09:30.513"/>
</kw>
<status status="PASS" starttime="20220502 14:09:30.512" endtime="20220502 14:09:30.513"/>
</iter>
<iter>
<var name="${i}">36</var>
<kw name="Log To Console" library="BuiltIn">
<arg>${i}</arg>
<doc>Logs the given message to the console.</doc>
<status status="PASS" starttime="20220502 14:09:30.513" endtime="20220502 14:09:30.513"/>
</kw>
<status status="PASS" starttime="20220502 14:09:30.513" endtime="20220502 14:09:30.513"/>
</iter>
<iter>
<var name="${i}">37</var>
<kw name="Log To Console" library="BuiltIn">
<arg>${i}</arg>
<doc>Logs the given message to the console.</doc>
<status status="PASS" starttime="20220502 14:09:30.513" endtime="20220502 14:09:30.513"/>
</kw>
<status status="PASS" starttime="20220502 14:09:30.513" endtime="20220502 14:09:30.513"/>
</iter>
<iter>
<var name="${i}">38</var>
<kw name="Log To Console" library="BuiltIn">
<arg>${i}</arg>
<doc>Logs the given message to the console.</doc>
<status status="PASS" starttime="20220502 14:09:30.514" endtime="20220502 14:09:30.514"/>
</kw>
<status status="PASS" starttime="20220502 14:09:30.514" endtime="20220502 14:09:30.514"/>
</iter>
<iter>
<var name="${i}">39</var>
<kw name="Log To Console" library="BuiltIn">
<arg>${i}</arg>
<doc>Logs the given message to the console.</doc>
<status status="PASS" starttime="20220502 14:09:30.514" endtime="20220502 14:09:30.514"/>
</kw>
<status status="PASS" starttime="20220502 14:09:30.514" endtime="20220502 14:09:30.514"/>
</iter>
<iter>
<var name="${i}">40</var>
<kw name="Log To Console" library="BuiltIn">
<arg>${i}</arg>
<doc>Logs the given message to the console.</doc>
<status status="PASS" starttime="20220502 14:09:30.514" endtime="20220502 14:09:30.515"/>
</kw>
<status status="PASS" starttime="20220502 14:09:30.514" endtime="20220502 14:09:30.515"/>
</iter>
<iter>
<var name="${i}">41</var>
<kw name="Log To Console" library="BuiltIn">
<arg>${i}</arg>
<doc>Logs the given message to the console.</doc>
<status status="PASS" starttime="20220502 14:09:30.515" endtime="20220502 14:09:30.515"/>
</kw>
<status status="PASS" starttime="20220502 14:09:30.515" endtime="20220502 14:09:30.515"/>
</iter>
<iter>
<var name="${i}">42</var>
<kw name="Log To Console" library="BuiltIn">
<arg>${i}</arg>
<doc>Logs the given message to the console.</doc>
<status status="PASS" starttime="20220502 14:09:30.515" endtime="20220502 14:09:30.515"/>
</kw>
<status status="PASS" starttime="20220502 14:09:30.515" endtime="20220502 14:09:30.515"/>
</iter>
<iter>
<var name="${i}">43</var>
<kw name="Log To Console" library="BuiltIn">
<arg>${i}</arg>
<doc>Logs the given message to the console.</doc>
<status status="PASS" starttime="20220502 14:09:30.515" endtime="20220502 14:09:30.516"/>
</kw>
<status status="PASS" starttime="20220502 14:09:30.515" endtime="20220502 14:09:30.516"/>
</iter>
<iter>
<var name="${i}">44</var>
<kw name="Log To Console" library="BuiltIn">
<arg>${i}</arg>
<doc>Logs the given message to the console.</doc>
<status status="PASS" starttime="20220502 14:09:30.516" endtime="20220502 14:09:30.516"/>
</kw>
<status status="PASS" starttime="20220502 14:09:30.516" endtime="20220502 14:09:30.516"/>
</iter>
<iter>
<var name="${i}">45</var>
<kw name="Log To Console" library="BuiltIn">
<arg>${i}</arg>
<doc>Logs the given message to the console.</doc>
<status status="PASS" starttime="20220502 14:09:30.516" endtime="20220502 14:09:30.516"/>
</kw>
<status status="PASS" starttime="20220502 14:09:30.516" endtime="20220502 14:09:30.516"/>
</iter>
<iter>
<var name="${i}">46</var>
<kw name="Log To Console" library="BuiltIn">
<arg>${i}</arg>
<doc>Logs the given message to the console.</doc>
<status status="PASS" starttime="20220502 14:09:30.517" endtime="20220502 14:09:30.517"/>
</kw>
<status status="PASS" starttime="20220502 14:09:30.516" endtime="20220502 14:09:30.517"/>
</iter>
<iter>
<var name="${i}">47</var>
<kw name="Log To Console" library="BuiltIn">
<arg>${i}</arg>
<doc>Logs the given message to the console.</doc>
<status status="PASS" starttime="20220502 14:09:30.517" endtime="20220502 14:09:30.517"/>
</kw>
<status status="PASS" starttime="20220502 14:09:30.517" endtime="20220502 14:09:30.517"/>
</iter>
<iter>
<var name="${i}">48</var>
<kw name="Log To Console" library="BuiltIn">
<arg>${i}</arg>
<doc>Logs the given message to the console.</doc>
<status status="PASS" starttime="20220502 14:09:30.517" endtime="20220502 14:09:30.517"/>
</kw>
<status status="PASS" starttime="20220502 14:09:30.517" endtime="20220502 14:09:30.518"/>
</iter>
<iter>
<var name="${i}">49</var>
<kw name="Log To Console" library="BuiltIn">
<arg>${i}</arg>
<doc>Logs the given message to the console.</doc>
<status status="PASS" starttime="20220502 14:09:30.518" endtime="20220502 14:09:30.518"/>
</kw>
<status status="PASS" starttime="20220502 14:09:30.518" endtime="20220502 14:09:30.518"/>
</iter>
<iter>
<var name="${i}">50</var>
<kw name="Log To Console" library="BuiltIn">
<arg>${i}</arg>
<doc>Logs the given message to the console.</doc>
<status status="PASS" starttime="20220502 14:09:30.518" endtime="20220502 14:09:30.518"/>
</kw>
<status status="PASS" starttime="20220502 14:09:30.518" endtime="20220502 14:09:30.518"/>
</iter>
<status status="PASS" starttime="20220502 14:09:30.499" endtime="20220502 14:09:30.518"/>
</for>
<status status="PASS" starttime="20220502 14:09:30.498" endtime="20220502 14:09:30.519"/>
</test>
<test id="s1-t4" name="Numeric For Range" line="26">
<kw name="Set Variable" library="BuiltIn">
<var>${i}</var>
<arg>0</arg>
<doc>Returns the given values which can then be assigned to a variables.</doc>
<msg timestamp="20220502 14:09:30.520" level="INFO">${i} = 0</msg>
<status status="PASS" starttime="20220502 14:09:30.519" endtime="20220502 14:09:30.520"/>
</kw>
<for flavor="IN RANGE">
<var>${i}</var>
<value>52</value>
<value>251</value>
<iter>
<var name="${i}">52</var>
<kw name="Log To Console" library="BuiltIn">
<arg>${i}</arg>
<doc>Logs the given message to the console.</doc>
<status status="PASS" starttime="20220502 14:09:30.520" endtime="20220502 14:09:30.520"/>
</kw>
<status status="PASS" starttime="20220502 14:09:30.520" endtime="20220502 14:09:30.520"/>
</iter>
<iter>
<var name="${i}">53</var>
<kw name="Log To Console" library="BuiltIn">
<arg>${i}</arg>
<doc>Logs the given message to the console.</doc>
<status status="PASS" starttime="20220502 14:09:30.520" endtime="20220502 14:09:30.521"/>
</kw>
<status status="PASS" starttime="20220502 14:09:30.520" endtime="20220502 14:09:30.521"/>
</iter>
<iter>
<var name="${i}">54</var>
<kw name="Log To Console" library="BuiltIn">
<arg>${i}</arg>
<doc>Logs the given message to the console.</doc>
<status status="PASS" starttime="20220502 14:09:30.521" endtime="20220502 14:09:30.521"/>
</kw>
<status status="PASS" starttime="20220502 14:09:30.521" endtime="20220502 14:09:30.521"/>
</iter>
<iter>
<var name="${i}">55</var>
<kw name="Log To Console" library="BuiltIn">
<arg>${i}</arg>
<doc>Logs the given message to the console.</doc>
<status status="PASS" starttime="20220502 14:09:30.521" endtime="20220502 14:09:30.521"/>
</kw>
<status status="PASS" starttime="20220502 14:09:30.521" endtime="20220502 14:09:30.521"/>
</iter>
<iter>
<var name="${i}">56</var>
<kw name="Log To Console" library="BuiltIn">
<arg>${i}</arg>
<doc>Logs the given message to the console.</doc>
<status status="PASS" starttime="20220502 14:09:30.521" endtime="20220502 14:09:30.522"/>
</kw>
<status status="PASS" starttime="20220502 14:09:30.521" endtime="20220502 14:09:30.522"/>
</iter>
<iter>
<var name="${i}">57</var>
<kw name="Log To Console" library="BuiltIn">
<arg>${i}</arg>
<doc>Logs the given message to the console.</doc>
<status status="PASS" starttime="20220502 14:09:30.522" endtime="20220502 14:09:30.522"/>
</kw>
<status status="PASS" starttime="20220502 14:09:30.522" endtime="20220502 14:09:30.522"/>
</iter>
<iter>
<var name="${i}">58</var>
<kw name="Log To Console" library="BuiltIn">
<arg>${i}</arg>
<doc>Logs the given message to the console.</doc>
<status status="PASS" starttime="20220502 14:09:30.522" endtime="20220502 14:09:30.523"/>
</kw>
<status status="PASS" starttime="20220502 14:09:30.522" endtime="20220502 14:09:30.523"/>
</iter>
<iter>
<var name="${i}">59</var>
<kw name="Log To Console" library="BuiltIn">
<arg>${i}</arg>
<doc>Logs the given message to the console.</doc>
<status status="PASS" starttime="20220502 14:09:30.523" endtime="20220502 14:09:30.523"/>
</kw>
<status status="PASS" starttime="20220502 14:09:30.523" endtime="20220502 14:09:30.523"/>
</iter>
<iter>
<var name="${i}">60</var>
<kw name="Log To Console" library="BuiltIn">
<arg>${i}</arg>
<doc>Logs the given message to the console.</doc>
<status status="PASS" starttime="20220502 14:09:30.523" endtime="20220502 14:09:30.523"/>
</kw>
<status status="PASS" starttime="20220502 14:09:30.523" endtime="20220502 14:09:30.523"/>
</iter>
<iter>
<var name="${i}">61</var>
<kw name="Log To Console" library="BuiltIn">
<arg>${i}</arg>
<doc>Logs the given message to the console.</doc>
<status status="PASS" starttime="20220502 14:09:30.523" endtime="20220502 14:09:30.524"/>
</kw>
<status status="PASS" starttime="20220502 14:09:30.523" endtime="20220502 14:09:30.524"/>
</iter>
<iter>
<var name="${i}">62</var>
<kw name="Log To Console" library="BuiltIn">
<arg>${i}</arg>
<doc>Logs the given message to the console.</doc>
<status status="PASS" starttime="20220502 14:09:30.524" endtime="20220502 14:09:30.524"/>
</kw>
<status status="PASS" starttime="20220502 14:09:30.524" endtime="20220502 14:09:30.524"/>
</iter>
<iter>
<var name="${i}">63</var>
<kw name="Log To Console" library="BuiltIn">
<arg>${i}</arg>
<doc>Logs the given message to the console.</doc>
<status status="PASS" starttime="20220502 14:09:30.524" endtime="20220502 14:09:30.525"/>
</kw>
<status status="PASS" starttime="20220502 14:09:30.524" endtime="20220502 14:09:30.525"/>
</iter>
<iter>
<var name="${i}">64</var>
<kw name="Log To Console" library="BuiltIn">
<arg>${i}</arg>
<doc>Logs the given message to the console.</doc>
<status status="PASS" starttime="20220502 14:09:30.525" endtime="20220502 14:09:30.525"/>
</kw>
<status status="PASS" starttime="20220502 14:09:30.525" endtime="20220502 14:09:30.525"/>
</iter>
<iter>
<var name="${i}">65</var>
<kw name="Log To Console" library="BuiltIn">
<arg>${i}</arg>
<doc>Logs the given message to the console.</doc>
<status status="PASS" starttime="20220502 14:09:30.525" endtime="20220502 14:09:30.525"/>
</kw>
<status status="PASS" starttime="20220502 14:09:30.525" endtime="20220502 14:09:30.525"/>
</iter>
<iter>
<var name="${i}">66</var>
<kw name="Log To Console" library="BuiltIn">
<arg>${i}</arg>
<doc>Logs the given message to the console.</doc>
<status status="PASS" starttime="20220502 14:09:30.525" endtime="20220502 14:09:30.526"/>
</kw>
<status status="PASS" starttime="20220502 14:09:30.525" endtime="20220502 14:09:30.526"/>
</iter>
<iter>
<var name="${i}">67</var>
<kw name="Log To Console" library="BuiltIn">
<arg>${i}</arg>
<doc>Logs the given message to the console.</doc>
<status status="PASS" starttime="20220502 14:09:30.526" endtime="20220502 14:09:30.526"/>
</kw>
<status status="PASS" starttime="20220502 14:09:30.526" endtime="20220502 14:09:30.526"/>
</iter>
<iter>
<var name="${i}">68</var>
<kw name="Log To Console" library="BuiltIn">
<arg>${i}</arg>
<doc>Logs the given message to the console.</doc>
<status status="PASS" starttime="20220502 14:09:30.526" endtime="20220502 14:09:30.526"/>
</kw>
<status status="PASS" starttime="20220502 14:09:30.526" endtime="20220502 14:09:30.526"/>
</iter>
<iter>
<var name="${i}">69</var>
<kw name="Log To Console" library="BuiltIn">
<arg>${i}</arg>
<doc>Logs the given message to the console.</doc>
<status status="PASS" starttime="20220502 14:09:30.527" endtime="20220502 14:09:30.527"/>
</kw>
<status status="PASS" starttime="20220502 14:09:30.527" endtime="20220502 14:09:30.527"/>
</iter>
<iter>
<var name="${i}">70</var>
<kw name="Log To Console" library="BuiltIn">
<arg>${i}</arg>
<doc>Logs the given message to the console.</doc>
<status status="PASS" starttime="20220502 14:09:30.527" endtime="20220502 14:09:30.527"/>
</kw>
<status status="PASS" starttime="20220502 14:09:30.527" endtime="20220502 14:09:30.527"/>
</iter>
<iter>
<var name="${i}">71</var>
<kw name="Log To Console" library="BuiltIn">
<arg>${i}</arg>
<doc>Logs the given message to the console.</doc>
<status status="PASS" starttime="20220502 14:09:30.527" endtime="20220502 14:09:30.528"/>
</kw>
<status status="PASS" starttime="20220502 14:09:30.527" endtime="20220502 14:09:30.528"/>
</iter>
<iter>
<var name="${i}">72</var>
<kw name="Log To Console" library="BuiltIn">
<arg>${i}</arg>
<doc>Logs the given message to the console.</doc>
<status status="PASS" starttime="20220502 14:09:30.528" endtime="20220502 14:09:30.528"/>
</kw>
<status status="PASS" starttime="20220502 14:09:30.528" endtime="20220502 14:09:30.528"/>
</iter>
<iter>
<var name="${i}">73</var>
<kw name="Log To Console" library="BuiltIn">
<arg>${i}</arg>
<doc>Logs the given message to the console.</doc>
<status status="PASS" starttime="20220502 14:09:30.528" endtime="20220502 14:09:30.528"/>
</kw>
<status status="PASS" starttime="20220502 14:09:30.528" endtime="20220502 14:09:30.528"/>
</iter>
<iter>
<var name="${i}">74</var>
<kw name="Log To Console" library="BuiltIn">
<arg>${i}</arg>
<doc>Logs the given message to the console.</doc>
<status status="PASS" starttime="20220502 14:09:30.528" endtime="20220502 14:09:30.529"/>
</kw>
<status status="PASS" starttime="20220502 14:09:30.528" endtime="20220502 14:09:30.529"/>
</iter>
<iter>
<var name="${i}">75</var>
<kw name="Log To Console" library="BuiltIn">
<arg>${i}</arg>
<doc>Logs the given message to the console.</doc>
<status status="PASS" starttime="20220502 14:09:30.529" endtime="20220502 14:09:30.529"/>
</kw>
<status status="PASS" starttime="20220502 14:09:30.529" endtime="20220502 14:09:30.529"/>
</iter>
<iter>
<var name="${i}">76</var>
<kw name="Log To Console" library="BuiltIn">
<arg>${i}</arg>
<doc>Logs the given message to the console.</doc>
<status status="PASS" starttime="20220502 14:09:30.529" endtime="20220502 14:09:30.529"/>
</kw>
<status status="PASS" starttime="20220502 14:09:30.529" endtime="20220502 14:09:30.529"/>
</iter>
<iter>
<var name="${i}">77</var>
<kw name="Log To Console" library="BuiltIn">
<arg>${i}</arg>
<doc>Logs the given message to the console.</doc>
<status status="PASS" starttime="20220502 14:09:30.530" endtime="20220502 14:09:30.530"/>
</kw>
<status status="PASS" starttime="20220502 14:09:30.529" endtime="20220502 14:09:30.530"/>
</iter>
<iter>
<var name="${i}">78</var>
<kw name="Log To Console" library="BuiltIn">
<arg>${i}</arg>
<doc>Logs the given message to the console.</doc>
<status status="PASS" starttime="20220502 14:09:30.530" endtime="20220502 14:09:30.530"/>
</kw>
<status status="PASS" starttime="20220502 14:09:30.530" endtime="20220502 14:09:30.530"/>
</iter>
<iter>
<var name="${i}">79</var>
<kw name="Log To Console" library="BuiltIn">
<arg>${i}</arg>
<doc>Logs the given message to the console.</doc>
<status status="PASS" starttime="20220502 14:09:30.530" endtime="20220502 14:09:30.530"/>
</kw>
<status status="PASS" starttime="20220502 14:09:30.530" endtime="20220502 14:09:30.530"/>
</iter>
<iter>
<var name="${i}">80</var>
<kw name="Log To Console" library="BuiltIn">
<arg>${i}</arg>
<doc>Logs the given message to the console.</doc>
<status status="PASS" starttime="20220502 14:09:30.531" endtime="20220502 14:09:30.531"/>
</kw>
<status status="PASS" starttime="20220502 14:09:30.531" endtime="20220502 14:09:30.531"/>
</iter>
<iter>
<var name="${i}">81</var>
<kw name="Log To Console" library="BuiltIn">
<arg>${i}</arg>
<doc>Logs the given message to the console.</doc>
<status status="PASS" starttime="20220502 14:09:30.531" endtime="20220502 14:09:30.531"/>
</kw>
<status status="PASS" starttime="20220502 14:09:30.531" endtime="20220502 14:09:30.531"/>
</iter>
<iter>
<var name="${i}">82</var>
<kw name="Log To Console" library="BuiltIn">
<arg>${i}</arg>
<doc>Logs the given message to the console.</doc>
<status status="PASS" starttime="20220502 14:09:30.531" endtime="20220502 14:09:30.532"/>
</kw>
<status status="PASS" starttime="20220502 14:09:30.531" endtime="20220502 14:09:30.532"/>
</iter>
<iter>
<var name="${i}">83</var>
<kw name="Log To Console" library="BuiltIn">
<arg>${i}</arg>
<doc>Logs the given message to the console.</doc>
<status status="PASS" starttime="20220502 14:09:30.532" endtime="20220502 14:09:30.532"/>
</kw>
<status status="PASS" starttime="20220502 14:09:30.532" endtime="20220502 14:09:30.532"/>
</iter>
<iter>
<var name="${i}">84</var>
<kw name="Log To Console" library="BuiltIn">
<arg>${i}</arg>
<doc>Logs the given message to the console.</doc>
<status status="PASS" starttime="20220502 14:09:30.532" endtime="20220502 14:09:30.532"/>
</kw>
<status status="PASS" starttime="20220502 14:09:30.532" endtime="20220502 14:09:30.532"/>
</iter>
<iter>
<var name="${i}">85</var>
<kw name="Log To Console" library="BuiltIn">
<arg>${i}</arg>
<doc>Logs the given message to the console.</doc>
<status status="PASS" starttime="20220502 14:09:30.533" endtime="20220502 14:09:30.533"/>
</kw>
<status status="PASS" starttime="20220502 14:09:30.533" endtime="20220502 14:09:30.533"/>
</iter>
<iter>
<var name="${i}">86</var>
<kw name="Log To Console" library="BuiltIn">
<arg>${i}</arg>
<doc>Logs the given message to the console.</doc>
<status status="PASS" starttime="20220502 14:09:30.533" endtime="20220502 14:09:30.533"/>
</kw>
<status status="PASS" starttime="20220502 14:09:30.533" endtime="20220502 14:09:30.533"/>
</iter>
<iter>
<var name="${i}">87</var>
<kw name="Log To Console" library="BuiltIn">
<arg>${i}</arg>
<doc>Logs the given message to the console.</doc>
<status status="PASS" starttime="20220502 14:09:30.533" endtime="20220502 14:09:30.534"/>
</kw>
<status status="PASS" starttime="20220502 14:09:30.533" endtime="20220502 14:09:30.534"/>
</iter>
<iter>
<var name="${i}">88</var>
<kw name="Log To Console" library="BuiltIn">
<arg>${i}</arg>
<doc>Logs the given message to the console.</doc>
<status status="PASS" starttime="20220502 14:09:30.534" endtime="20220502 14:09:30.534"/>
</kw>
<status status="PASS" starttime="20220502 14:09:30.534" endtime="20220502 14:09:30.534"/>
</iter>
<iter>
<var name="${i}">89</var>
<kw name="Log To Console" library="BuiltIn">
<arg>${i}</arg>
<doc>Logs the given message to the console.</doc>
<status status="PASS" starttime="20220502 14:09:30.534" endtime="20220502 14:09:30.534"/>
</kw>
<status status="PASS" starttime="20220502 14:09:30.534" endtime="20220502 14:09:30.534"/>
</iter>
<iter>
<var name="${i}">90</var>
<kw name="Log To Console" library="BuiltIn">
<arg>${i}</arg>
<doc>Logs the given message to the console.</doc>
<status status="PASS" starttime="20220502 14:09:30.534" endtime="20220502 14:09:30.535"/>
</kw>
<status status="PASS" starttime="20220502 14:09:30.534" endtime="20220502 14:09:30.535"/>
</iter>
<iter>
<var name="${i}">91</var>
<kw name="Log To Console" library="BuiltIn">
<arg>${i}</arg>
<doc>Logs the given message to the console.</doc>
<status status="PASS" starttime="20220502 14:09:30.535" endtime="20220502 14:09:30.535"/>
</kw>
<status status="PASS" starttime="20220502 14:09:30.535" endtime="20220502 14:09:30.535"/>
</iter>
<iter>
<var name="${i}">92</var>
<kw name="Log To Console" library="BuiltIn">
<arg>${i}</arg>
<doc>Logs the given message to the console.</doc>
<status status="PASS" starttime="20220502 14:09:30.535" endtime="20220502 14:09:30.535"/>
</kw>
<status status="PASS" starttime="20220502 14:09:30.535" endtime="20220502 14:09:30.535"/>
</iter>
<iter>
<var name="${i}">93</var>
<kw name="Log To Console" library="BuiltIn">
<arg>${i}</arg>
<doc>Logs the given message to the console.</doc>
<status status="PASS" starttime="20220502 14:09:30.536" endtime="20220502 14:09:30.536"/>
</kw>
<status status="PASS" starttime="20220502 14:09:30.535" endtime="20220502 14:09:30.536"/>
</iter>
<iter>
<var name="${i}">94</var>
<kw name="Log To Console" library="BuiltIn">
<arg>${i}</arg>
<doc>Logs the given message to the console.</doc>
<status status="PASS" starttime="20220502 14:09:30.536" endtime="20220502 14:09:30.536"/>
</kw>
<status status="PASS" starttime="20220502 14:09:30.536" endtime="20220502 14:09:30.536"/>
</iter>
<iter>
<var name="${i}">95</var>
<kw name="Log To Console" library="BuiltIn">
<arg>${i}</arg>
<doc>Logs the given message to the console.</doc>
<status status="PASS" starttime="20220502 14:09:30.536" endtime="20220502 14:09:30.536"/>
</kw>
<status status="PASS" starttime="20220502 14:09:30.536" endtime="20220502 14:09:30.537"/>
</iter>
<iter>
<var name="${i}">96</var>
<kw name="Log To Console" library="BuiltIn">
<arg>${i}</arg>
<doc>Logs the given message to the console.</doc>
<status status="PASS" starttime="20220502 14:09:30.537" endtime="20220502 14:09:30.537"/>
</kw>
<status status="PASS" starttime="20220502 14:09:30.537" endtime="20220502 14:09:30.537"/>
</iter>
<iter>
<var name="${i}">97</var>
<kw name="Log To Console" library="BuiltIn">
<arg>${i}</arg>
<doc>Logs the given message to the console.</doc>
<status status="PASS" starttime="20220502 14:09:30.537" endtime="20220502 14:09:30.537"/>
</kw>
<status status="PASS" starttime="20220502 14:09:30.537" endtime="20220502 14:09:30.537"/>
</iter>
<iter>
<var name="${i}">98</var>
<kw name="Log To Console" library="BuiltIn">
<arg>${i}</arg>
<doc>Logs the given message to the console.</doc>
<status status="PASS" starttime="20220502 14:09:30.537" endtime="20220502 14:09:30.538"/>
</kw>
<status status="PASS" starttime="20220502 14:09:30.537" endtime="20220502 14:09:30.538"/>
</iter>
<iter>
<var name="${i}">99</var>
<kw name="Log To Console" library="BuiltIn">
<arg>${i}</arg>
<doc>Logs the given message to the console.</doc>
<status status="PASS" starttime="20220502 14:09:30.538" endtime="20220502 14:09:30.538"/>
</kw>
<status status="PASS" starttime="20220502 14:09:30.538" endtime="20220502 14:09:30.538"/>
</iter>
<iter>
<var name="${i}">100</var>
<kw name="Log To Console" library="BuiltIn">
<arg>${i}</arg>
<doc>Logs the given message to the console.</doc>
<status status="PASS" starttime="20220502 14:09:30.538" endtime="20220502 14:09:30.538"/>
</kw>
<status status="PASS" starttime="20220502 14:09:30.538" endtime="20220502 14:09:30.538"/>
</iter>
<iter>
<var name="${i}">101</var>
<kw name="Log To Console" library="BuiltIn">
<arg>${i}</arg>
<doc>Logs the given message to the console.</doc>
<status status="PASS" starttime="20220502 14:09:30.538" endtime="20220502 14:09:30.539"/>
</kw>
<status status="PASS" starttime="20220502 14:09:30.538" endtime="20220502 14:09:30.539"/>
</iter>
<iter>
<var name="${i}">102</var>
<kw name="Log To Console" library="BuiltIn">
<arg>${i}</arg>
<doc>Logs the given message to the console.</doc>
<status status="PASS" starttime="20220502 14:09:30.539" endtime="20220502 14:09:30.539"/>
</kw>
<status status="PASS" starttime="20220502 14:09:30.539" endtime="20220502 14:09:30.539"/>
</iter>
<iter>
<var name="${i}">103</var>
<kw name="Log To Console" library="BuiltIn">
<arg>${i}</arg>
<doc>Logs the given message to the console.</doc>
<status status="PASS" starttime="20220502 14:09:30.539" endtime="20220502 14:09:30.539"/>
</kw>
<status status="PASS" starttime="20220502 14:09:30.539" endtime="20220502 14:09:30.539"/>
</iter>
<iter>
<var name="${i}">104</var>
<kw name="Log To Console" library="BuiltIn">
<arg>${i}</arg>
<doc>Logs the given message to the console.</doc>
<status status="PASS" starttime="20220502 14:09:30.540" endtime="20220502 14:09:30.540"/>
</kw>
<status status="PASS" starttime="20220502 14:09:30.539" endtime="20220502 14:09:30.540"/>
</iter>
<iter>
<var name="${i}">105</var>
<kw name="Log To Console" library="BuiltIn">
<arg>${i}</arg>
<doc>Logs the given message to the console.</doc>
<status status="PASS" starttime="20220502 14:09:30.540" endtime="20220502 14:09:30.540"/>
</kw>
<status status="PASS" starttime="20220502 14:09:30.540" endtime="20220502 14:09:30.540"/>
</iter>
<iter>
<var name="${i}">106</var>
<kw name="Log To Console" library="BuiltIn">
<arg>${i}</arg>
<doc>Logs the given message to the console.</doc>
<status status="PASS" starttime="20220502 14:09:30.540" endtime="20220502 14:09:30.540"/>
</kw>
<status status="PASS" starttime="20220502 14:09:30.540" endtime="20220502 14:09:30.541"/>
</iter>
<iter>
<var name="${i}">107</var>
<kw name="Log To Console" library="BuiltIn">
<arg>${i}</arg>
<doc>Logs the given message to the console.</doc>
<status status="PASS" starttime="20220502 14:09:30.541" endtime="20220502 14:09:30.541"/>
</kw>
<status status="PASS" starttime="20220502 14:09:30.541" endtime="20220502 14:09:30.541"/>
</iter>
<iter>
<var name="${i}">108</var>
<kw name="Log To Console" library="BuiltIn">
<arg>${i}</arg>
<doc>Logs the given message to the console.</doc>
<status status="PASS" starttime="20220502 14:09:30.541" endtime="20220502 14:09:30.541"/>
</kw>
<status status="PASS" starttime="20220502 14:09:30.541" endtime="20220502 14:09:30.541"/>
</iter>
<iter>
<var name="${i}">109</var>
<kw name="Log To Console" library="BuiltIn">
<arg>${i}</arg>
<doc>Logs the given message to the console.</doc>
<status status="PASS" starttime="20220502 14:09:30.541" endtime="20220502 14:09:30.542"/>
</kw>
<status status="PASS" starttime="20220502 14:09:30.541" endtime="20220502 14:09:30.542"/>
</iter>
<iter>
<var name="${i}">110</var>
<kw name="Log To Console" library="BuiltIn">
<arg>${i}</arg>
<doc>Logs the given message to the console.</doc>
<status status="PASS" starttime="20220502 14:09:30.542" endtime="20220502 14:09:30.542"/>
</kw>
<status status="PASS" starttime="20220502 14:09:30.542" endtime="20220502 14:09:30.542"/>
</iter>
<iter>
<var name="${i}">111</var>
<kw name="Log To Console" library="BuiltIn">
<arg>${i}</arg>
<doc>Logs the given message to the console.</doc>
<status status="PASS" starttime="20220502 14:09:30.542" endtime="20220502 14:09:30.542"/>
</kw>
<status status="PASS" starttime="20220502 14:09:30.542" endtime="20220502 14:09:30.542"/>
</iter>
<iter>
<var name="${i}">112</var>
<kw name="Log To Console" library="BuiltIn">
<arg>${i}</arg>
<doc>Logs the given message to the console.</doc>
<status status="PASS" starttime="20220502 14:09:30.542" endtime="20220502 14:09:30.543"/>
</kw>
<status status="PASS" starttime="20220502 14:09:30.542" endtime="20220502 14:09:30.543"/>
</iter>
<iter>
<var name="${i}">113</var>
<kw name="Log To Console" library="BuiltIn">
<arg>${i}</arg>
<doc>Logs the given message to the console.</doc>
<status status="PASS" starttime="20220502 14:09:30.543" endtime="20220502 14:09:30.543"/>
</kw>
<status status="PASS" starttime="20220502 14:09:30.543" endtime="20220502 14:09:30.543"/>
</iter>
<iter>
<var name="${i}">114</var>
<kw name="Log To Console" library="BuiltIn">
<arg>${i}</arg>
<doc>Logs the given message to the console.</doc>
<status status="PASS" starttime="20220502 14:09:30.543" endtime="20220502 14:09:30.544"/>
</kw>
<status status="PASS" starttime="20220502 14:09:30.543" endtime="20220502 14:09:30.544"/>
</iter>
<iter>
<var name="${i}">115</var>
<kw name="Log To Console" library="BuiltIn">
<arg>${i}</arg>
<doc>Logs the given message to the console.</doc>
<status status="PASS" starttime="20220502 14:09:30.544" endtime="20220502 14:09:30.544"/>
</kw>
<status status="PASS" starttime="20220502 14:09:30.544" endtime="20220502 14:09:30.544"/>
</iter>
<iter>
<var name="${i}">116</var>
<kw name="Log To Console" library="BuiltIn">
<arg>${i}</arg>
<doc>Logs the given message to the console.</doc>
<status status="PASS" starttime="20220502 14:09:30.544" endtime="20220502 14:09:30.544"/>
</kw>
<status status="PASS" starttime="20220502 14:09:30.544" endtime="20220502 14:09:30.544"/>
</iter>
<iter>
<var name="${i}">117</var>
<kw name="Log To Console" library="BuiltIn">
<arg>${i}</arg>
<doc>Logs the given message to the console.</doc>
<status status="PASS" starttime="20220502 14:09:30.544" endtime="20220502 14:09:30.545"/>
</kw>
<status status="PASS" starttime="20220502 14:09:30.544" endtime="20220502 14:09:30.545"/>
</iter>
<iter>
<var name="${i}">118</var>
<kw name="Log To Console" library="BuiltIn">
<arg>${i}</arg>
<doc>Logs the given message to the console.</doc>
<status status="PASS" starttime="20220502 14:09:30.545" endtime="20220502 14:09:30.545"/>
</kw>
<status status="PASS" starttime="20220502 14:09:30.545" endtime="20220502 14:09:30.545"/>
</iter>
<iter>
<var name="${i}">119</var>
<kw name="Log To Console" library="BuiltIn">
<arg>${i}</arg>
<doc>Logs the given message to the console.</doc>
<status status="PASS" starttime="20220502 14:09:30.545" endtime="20220502 14:09:30.545"/>
</kw>
<status status="PASS" starttime="20220502 14:09:30.545" endtime="20220502 14:09:30.545"/>
</iter>
<iter>
<var name="${i}">120</var>
<kw name="Log To Console" library="BuiltIn">
<arg>${i}</arg>
<doc>Logs the given message to the console.</doc>
<status status="PASS" starttime="20220502 14:09:30.546" endtime="20220502 14:09:30.546"/>
</kw>
<status status="PASS" starttime="20220502 14:09:30.545" endtime="20220502 14:09:30.546"/>
</iter>
<iter>
<var name="${i}">121</var>
<kw name="Log To Console" library="BuiltIn">
<arg>${i}</arg>
<doc>Logs the given message to the console.</doc>
<status status="PASS" starttime="20220502 14:09:30.546" endtime="20220502 14:09:30.546"/>
</kw>
<status status="PASS" starttime="20220502 14:09:30.546" endtime="20220502 14:09:30.546"/>
</iter>
<iter>
<var name="${i}">122</var>
<kw name="Log To Console" library="BuiltIn">
<arg>${i}</arg>
<doc>Logs the given message to the console.</doc>
<status status="PASS" starttime="20220502 14:09:30.546" endtime="20220502 14:09:30.546"/>
</kw>
<status status="PASS" starttime="20220502 14:09:30.546" endtime="20220502 14:09:30.546"/>
</iter>
<iter>
<var name="${i}">123</var>
<kw name="Log To Console" library="BuiltIn">
<arg>${i}</arg>
<doc>Logs the given message to the console.</doc>
<status status="PASS" starttime="20220502 14:09:30.547" endtime="20220502 14:09:30.547"/>
</kw>
<status status="PASS" starttime="20220502 14:09:30.547" endtime="20220502 14:09:30.547"/>
</iter>
<iter>
<var name="${i}">124</var>
<kw name="Log To Console" library="BuiltIn">
<arg>${i}</arg>
<doc>Logs the given message to the console.</doc>
<status status="PASS" starttime="20220502 14:09:30.547" endtime="20220502 14:09:30.547"/>
</kw>
<status status="PASS" starttime="20220502 14:09:30.547" endtime="20220502 14:09:30.547"/>
</iter>
<iter>
<var name="${i}">125</var>
<kw name="Log To Console" library="BuiltIn">
<arg>${i}</arg>
<doc>Logs the given message to the console.</doc>
<status status="PASS" starttime="20220502 14:09:30.547" endtime="20220502 14:09:30.548"/>
</kw>
<status status="PASS" starttime="20220502 14:09:30.547" endtime="20220502 14:09:30.548"/>
</iter>
<iter>
<var name="${i}">126</var>
<kw name="Log To Console" library="BuiltIn">
<arg>${i}</arg>
<doc>Logs the given message to the console.</doc>
<status status="PASS" starttime="20220502 14:09:30.548" endtime="20220502 14:09:30.548"/>
</kw>
<status status="PASS" starttime="20220502 14:09:30.548" endtime="20220502 14:09:30.548"/>
</iter>
<iter>
<var name="${i}">127</var>
<kw name="Log To Console" library="BuiltIn">
<arg>${i}</arg>
<doc>Logs the given message to the console.</doc>
<status status="PASS" starttime="20220502 14:09:30.548" endtime="20220502 14:09:30.548"/>
</kw>
<status status="PASS" starttime="20220502 14:09:30.548" endtime="20220502 14:09:30.548"/>
</iter>
<iter>
<var name="${i}">128</var>
<kw name="Log To Console" library="BuiltIn">
<arg>${i}</arg>
<doc>Logs the given message to the console.</doc>
<status status="PASS" starttime="20220502 14:09:30.548" endtime="20220502 14:09:30.549"/>
</kw>
<status status="PASS" starttime="20220502 14:09:30.548" endtime="20220502 14:09:30.549"/>
</iter>
<iter>
<var name="${i}">129</var>
<kw name="Log To Console" library="BuiltIn">
<arg>${i}</arg>
<doc>Logs the given message to the console.</doc>
<status status="PASS" starttime="20220502 14:09:30.549" endtime="20220502 14:09:30.549"/>
</kw>
<status status="PASS" starttime="20220502 14:09:30.549" endtime="20220502 14:09:30.549"/>
</iter>
<iter>
<var name="${i}">130</var>
<kw name="Log To Console" library="BuiltIn">
<arg>${i}</arg>
<doc>Logs the given message to the console.</doc>
<status status="PASS" starttime="20220502 14:09:30.549" endtime="20220502 14:09:30.549"/>
</kw>
<status status="PASS" starttime="20220502 14:09:30.549" endtime="20220502 14:09:30.549"/>
</iter>
<iter>
<var name="${i}">131</var>
<kw name="Log To Console" library="BuiltIn">
<arg>${i}</arg>
<doc>Logs the given message to the console.</doc>
<status status="PASS" starttime="20220502 14:09:30.550" endtime="20220502 14:09:30.550"/>
</kw>
<status status="PASS" starttime="20220502 14:09:30.550" endtime="20220502 14:09:30.550"/>
</iter>
<iter>
<var name="${i}">132</var>
<kw name="Log To Console" library="BuiltIn">
<arg>${i}</arg>
<doc>Logs the given message to the console.</doc>
<status status="PASS" starttime="20220502 14:09:30.550" endtime="20220502 14:09:30.550"/>
</kw>
<status status="PASS" starttime="20220502 14:09:30.550" endtime="20220502 14:09:30.550"/>
</iter>
<iter>
<var name="${i}">133</var>
<kw name="Log To Console" library="BuiltIn">
<arg>${i}</arg>
<doc>Logs the given message to the console.</doc>
<status status="PASS" starttime="20220502 14:09:30.550" endtime="20220502 14:09:30.551"/>
</kw>
<status status="PASS" starttime="20220502 14:09:30.550" endtime="20220502 14:09:30.551"/>
</iter>
<iter>
<var name="${i}">134</var>
<kw name="Log To Console" library="BuiltIn">
<arg>${i}</arg>
<doc>Logs the given message to the console.</doc>
<status status="PASS" starttime="20220502 14:09:30.551" endtime="20220502 14:09:30.551"/>
</kw>
<status status="PASS" starttime="20220502 14:09:30.551" endtime="20220502 14:09:30.551"/>
</iter>
<iter>
<var name="${i}">135</var>
<kw name="Log To Console" library="BuiltIn">
<arg>${i}</arg>
<doc>Logs the given message to the console.</doc>
<status status="PASS" starttime="20220502 14:09:30.551" endtime="20220502 14:09:30.551"/>
</kw>
<status status="PASS" starttime="20220502 14:09:30.551" endtime="20220502 14:09:30.551"/>
</iter>
<iter>
<var name="${i}">136</var>
<kw name="Log To Console" library="BuiltIn">
<arg>${i}</arg>
<doc>Logs the given message to the console.</doc>
<status status="PASS" starttime="20220502 14:09:30.551" endtime="20220502 14:09:30.552"/>
</kw>
<status status="PASS" starttime="20220502 14:09:30.551" endtime="20220502 14:09:30.552"/>
</iter>
<iter>
<var name="${i}">137</var>
<kw name="Log To Console" library="BuiltIn">
<arg>${i}</arg>
<doc>Logs the given message to the console.</doc>
<status status="PASS" starttime="20220502 14:09:30.552" endtime="20220502 14:09:30.552"/>
</kw>
<status status="PASS" starttime="20220502 14:09:30.552" endtime="20220502 14:09:30.552"/>
</iter>
<iter>
<var name="${i}">138</var>
<kw name="Log To Console" library="BuiltIn">
<arg>${i}</arg>
<doc>Logs the given message to the console.</doc>
<status status="PASS" starttime="20220502 14:09:30.552" endtime="20220502 14:09:30.552"/>
</kw>
<status status="PASS" starttime="20220502 14:09:30.552" endtime="20220502 14:09:30.552"/>
</iter>
<iter>
<var name="${i}">139</var>
<kw name="Log To Console" library="BuiltIn">
<arg>${i}</arg>
<doc>Logs the given message to the console.</doc>
<status status="PASS" starttime="20220502 14:09:30.553" endtime="20220502 14:09:30.553"/>
</kw>
<status status="PASS" starttime="20220502 14:09:30.553" endtime="20220502 14:09:30.553"/>
</iter>
<iter>
<var name="${i}">140</var>
<kw name="Log To Console" library="BuiltIn">
<arg>${i}</arg>
<doc>Logs the given message to the console.</doc>
<status status="PASS" starttime="20220502 14:09:30.553" endtime="20220502 14:09:30.553"/>
</kw>
<status status="PASS" starttime="20220502 14:09:30.553" endtime="20220502 14:09:30.553"/>
</iter>
<iter>
<var name="${i}">141</var>
<kw name="Log To Console" library="BuiltIn">
<arg>${i}</arg>
<doc>Logs the given message to the console.</doc>
<status status="PASS" starttime="20220502 14:09:30.553" endtime="20220502 14:09:30.554"/>
</kw>
<status status="PASS" starttime="20220502 14:09:30.553" endtime="20220502 14:09:30.554"/>
</iter>
<iter>
<var name="${i}">142</var>
<kw name="Log To Console" library="BuiltIn">
<arg>${i}</arg>
<doc>Logs the given message to the console.</doc>
<status status="PASS" starttime="20220502 14:09:30.554" endtime="20220502 14:09:30.554"/>
</kw>
<status status="PASS" starttime="20220502 14:09:30.554" endtime="20220502 14:09:30.554"/>
</iter>
<iter>
<var name="${i}">143</var>
<kw name="Log To Console" library="BuiltIn">
<arg>${i}</arg>
<doc>Logs the given message to the console.</doc>
<status status="PASS" starttime="20220502 14:09:30.554" endtime="20220502 14:09:30.554"/>
</kw>
<status status="PASS" starttime="20220502 14:09:30.554" endtime="20220502 14:09:30.554"/>
</iter>
<iter>
<var name="${i}">144</var>
<kw name="Log To Console" library="BuiltIn">
<arg>${i}</arg>
<doc>Logs the given message to the console.</doc>
<status status="PASS" starttime="20220502 14:09:30.555" endtime="20220502 14:09:30.555"/>
</kw>
<status status="PASS" starttime="20220502 14:09:30.554" endtime="20220502 14:09:30.555"/>
</iter>
<iter>
<var name="${i}">145</var>
<kw name="Log To Console" library="BuiltIn">
<arg>${i}</arg>
<doc>Logs the given message to the console.</doc>
<status status="PASS" starttime="20220502 14:09:30.555" endtime="20220502 14:09:30.555"/>
</kw>
<status status="PASS" starttime="20220502 14:09:30.555" endtime="20220502 14:09:30.555"/>
</iter>
<iter>
<var name="${i}">146</var>
<kw name="Log To Console" library="BuiltIn">
<arg>${i}</arg>
<doc>Logs the given message to the console.</doc>
<status status="PASS" starttime="20220502 14:09:30.555" endtime="20220502 14:09:30.556"/>
</kw>
<status status="PASS" starttime="20220502 14:09:30.555" endtime="20220502 14:09:30.556"/>
</iter>
<iter>
<var name="${i}">147</var>
<kw name="Log To Console" library="BuiltIn">
<arg>${i}</arg>
<doc>Logs the given message to the console.</doc>
<status status="PASS" starttime="20220502 14:09:30.556" endtime="20220502 14:09:30.556"/>
</kw>
<status status="PASS" starttime="20220502 14:09:30.556" endtime="20220502 14:09:30.556"/>
</iter>
<iter>
<var name="${i}">148</var>
<kw name="Log To Console" library="BuiltIn">
<arg>${i}</arg>
<doc>Logs the given message to the console.</doc>
<status status="PASS" starttime="20220502 14:09:30.556" endtime="20220502 14:09:30.556"/>
</kw>
<status status="PASS" starttime="20220502 14:09:30.556" endtime="20220502 14:09:30.557"/>
</iter>
<iter>
<var name="${i}">149</var>
<kw name="Log To Console" library="BuiltIn">
<arg>${i}</arg>
<doc>Logs the given message to the console.</doc>
<status status="PASS" starttime="20220502 14:09:30.557" endtime="20220502 14:09:30.557"/>
</kw>
<status status="PASS" starttime="20220502 14:09:30.557" endtime="20220502 14:09:30.557"/>
</iter>
<iter>
<var name="${i}">150</var>
<kw name="Log To Console" library="BuiltIn">
<arg>${i}</arg>
<doc>Logs the given message to the console.</doc>
<status status="PASS" starttime="20220502 14:09:30.557" endtime="20220502 14:09:30.557"/>
</kw>
<status status="PASS" starttime="20220502 14:09:30.557" endtime="20220502 14:09:30.557"/>
</iter>
<iter>
<var name="${i}">151</var>
<kw name="Log To Console" library="BuiltIn">
<arg>${i}</arg>
<doc>Logs the given message to the console.</doc>
<status status="PASS" starttime="20220502 14:09:30.557" endtime="20220502 14:09:30.558"/>
</kw>
<status status="PASS" starttime="20220502 14:09:30.557" endtime="20220502 14:09:30.558"/>
</iter>
<iter>
<var name="${i}">152</var>
<kw name="Log To Console" library="BuiltIn">
<arg>${i}</arg>
<doc>Logs the given message to the console.</doc>
<status status="PASS" starttime="20220502 14:09:30.558" endtime="20220502 14:09:30.558"/>
</kw>
<status status="PASS" starttime="20220502 14:09:30.558" endtime="20220502 14:09:30.558"/>
</iter>
<iter>
<var name="${i}">153</var>
<kw name="Log To Console" library="BuiltIn">
<arg>${i}</arg>
<doc>Logs the given message to the console.</doc>
<status status="PASS" starttime="20220502 14:09:30.558" endtime="20220502 14:09:30.558"/>
</kw>
<status status="PASS" starttime="20220502 14:09:30.558" endtime="20220502 14:09:30.558"/>
</iter>
<iter>
<var name="${i}">154</var>
<kw name="Log To Console" library="BuiltIn">
<arg>${i}</arg>
<doc>Logs the given message to the console.</doc>
<status status="PASS" starttime="20220502 14:09:30.559" endtime="20220502 14:09:30.559"/>
</kw>
<status status="PASS" starttime="20220502 14:09:30.559" endtime="20220502 14:09:30.559"/>
</iter>
<iter>
<var name="${i}">155</var>
<kw name="Log To Console" library="BuiltIn">
<arg>${i}</arg>
<doc>Logs the given message to the console.</doc>
<status status="PASS" starttime="20220502 14:09:30.559" endtime="20220502 14:09:30.559"/>
</kw>
<status status="PASS" starttime="20220502 14:09:30.559" endtime="20220502 14:09:30.559"/>
</iter>
<iter>
<var name="${i}">156</var>
<kw name="Log To Console" library="BuiltIn">
<arg>${i}</arg>
<doc>Logs the given message to the console.</doc>
<status status="PASS" starttime="20220502 14:09:30.559" endtime="20220502 14:09:30.560"/>
</kw>
<status status="PASS" starttime="20220502 14:09:30.559" endtime="20220502 14:09:30.560"/>
</iter>
<iter>
<var name="${i}">157</var>
<kw name="Log To Console" library="BuiltIn">
<arg>${i}</arg>
<doc>Logs the given message to the console.</doc>
<status status="PASS" starttime="20220502 14:09:30.560" endtime="20220502 14:09:30.560"/>
</kw>
<status status="PASS" starttime="20220502 14:09:30.560" endtime="20220502 14:09:30.560"/>
</iter>
<iter>
<var name="${i}">158</var>
<kw name="Log To Console" library="BuiltIn">
<arg>${i}</arg>
<doc>Logs the given message to the console.</doc>
<status status="PASS" starttime="20220502 14:09:30.560" endtime="20220502 14:09:30.560"/>
</kw>
<status status="PASS" starttime="20220502 14:09:30.560" endtime="20220502 14:09:30.560"/>
</iter>
<iter>
<var name="${i}">159</var>
<kw name="Log To Console" library="BuiltIn">
<arg>${i}</arg>
<doc>Logs the given message to the console.</doc>
<status status="PASS" starttime="20220502 14:09:30.560" endtime="20220502 14:09:30.561"/>
</kw>
<status status="PASS" starttime="20220502 14:09:30.560" endtime="20220502 14:09:30.561"/>
</iter>
<iter>
<var name="${i}">160</var>
<kw name="Log To Console" library="BuiltIn">
<arg>${i}</arg>
<doc>Logs the given message to the console.</doc>
<status status="PASS" starttime="20220502 14:09:30.561" endtime="20220502 14:09:30.561"/>
</kw>
<status status="PASS" starttime="20220502 14:09:30.561" endtime="20220502 14:09:30.561"/>
</iter>
<iter>
<var name="${i}">161</var>
<kw name="Log To Console" library="BuiltIn">
<arg>${i}</arg>
<doc>Logs the given message to the console.</doc>
<status status="PASS" starttime="20220502 14:09:30.561" endtime="20220502 14:09:30.561"/>
</kw>
<status status="PASS" starttime="20220502 14:09:30.561" endtime="20220502 14:09:30.561"/>
</iter>
<iter>
<var name="${i}">162</var>
<kw name="Log To Console" library="BuiltIn">
<arg>${i}</arg>
<doc>Logs the given message to the console.</doc>
<status status="PASS" starttime="20220502 14:09:30.562" endtime="20220502 14:09:30.562"/>
</kw>
<status status="PASS" starttime="20220502 14:09:30.561" endtime="20220502 14:09:30.562"/>
</iter>
<iter>
<var name="${i}">163</var>
<kw name="Log To Console" library="BuiltIn">
<arg>${i}</arg>
<doc>Logs the given message to the console.</doc>
<status status="PASS" starttime="20220502 14:09:30.562" endtime="20220502 14:09:30.562"/>
</kw>
<status status="PASS" starttime="20220502 14:09:30.562" endtime="20220502 14:09:30.562"/>
</iter>
<iter>
<var name="${i}">164</var>
<kw name="Log To Console" library="BuiltIn">
<arg>${i}</arg>
<doc>Logs the given message to the console.</doc>
<status status="PASS" starttime="20220502 14:09:30.562" endtime="20220502 14:09:30.562"/>
</kw>
<status status="PASS" starttime="20220502 14:09:30.562" endtime="20220502 14:09:30.563"/>
</iter>
<iter>
<var name="${i}">165</var>
<kw name="Log To Console" library="BuiltIn">
<arg>${i}</arg>
<doc>Logs the given message to the console.</doc>
<status status="PASS" starttime="20220502 14:09:30.563" endtime="20220502 14:09:30.563"/>
</kw>
<status status="PASS" starttime="20220502 14:09:30.563" endtime="20220502 14:09:30.563"/>
</iter>
<iter>
<var name="${i}">166</var>
<kw name="Log To Console" library="BuiltIn">
<arg>${i}</arg>
<doc>Logs the given message to the console.</doc>
<status status="PASS" starttime="20220502 14:09:30.563" endtime="20220502 14:09:30.563"/>
</kw>
<status status="PASS" starttime="20220502 14:09:30.563" endtime="20220502 14:09:30.563"/>
</iter>
<iter>
<var name="${i}">167</var>
<kw name="Log To Console" library="BuiltIn">
<arg>${i}</arg>
<doc>Logs the given message to the console.</doc>
<status status="PASS" starttime="20220502 14:09:30.563" endtime="20220502 14:09:30.564"/>
</kw>
<status status="PASS" starttime="20220502 14:09:30.563" endtime="20220502 14:09:30.564"/>
</iter>
<iter>
<var name="${i}">168</var>
<kw name="Log To Console" library="BuiltIn">
<arg>${i}</arg>
<doc>Logs the given message to the console.</doc>
<status status="PASS" starttime="20220502 14:09:30.564" endtime="20220502 14:09:30.564"/>
</kw>
<status status="PASS" starttime="20220502 14:09:30.564" endtime="20220502 14:09:30.564"/>
</iter>
<iter>
<var name="${i}">169</var>
<kw name="Log To Console" library="BuiltIn">
<arg>${i}</arg>
<doc>Logs the given message to the console.</doc>
<status status="PASS" starttime="20220502 14:09:30.564" endtime="20220502 14:09:30.564"/>
</kw>
<status status="PASS" starttime="20220502 14:09:30.564" endtime="20220502 14:09:30.564"/>
</iter>
<iter>
<var name="${i}">170</var>
<kw name="Log To Console" library="BuiltIn">
<arg>${i}</arg>
<doc>Logs the given message to the console.</doc>
<status status="PASS" starttime="20220502 14:09:30.564" endtime="20220502 14:09:30.565"/>
</kw>
<status status="PASS" starttime="20220502 14:09:30.564" endtime="20220502 14:09:30.565"/>
</iter>
<iter>
<var name="${i}">171</var>
<kw name="Log To Console" library="BuiltIn">
<arg>${i}</arg>
<doc>Logs the given message to the console.</doc>
<status status="PASS" starttime="20220502 14:09:30.565" endtime="20220502 14:09:30.565"/>
</kw>
<status status="PASS" starttime="20220502 14:09:30.565" endtime="20220502 14:09:30.565"/>
</iter>
<iter>
<var name="${i}">172</var>
<kw name="Log To Console" library="BuiltIn">
<arg>${i}</arg>
<doc>Logs the given message to the console.</doc>
<status status="PASS" starttime="20220502 14:09:30.565" endtime="20220502 14:09:30.565"/>
</kw>
<status status="PASS" starttime="20220502 14:09:30.565" endtime="20220502 14:09:30.565"/>
</iter>
<iter>
<var name="${i}">173</var>
<kw name="Log To Console" library="BuiltIn">
<arg>${i}</arg>
<doc>Logs the given message to the console.</doc>
<status status="PASS" starttime="20220502 14:09:30.566" endtime="20220502 14:09:30.566"/>
</kw>
<status status="PASS" starttime="20220502 14:09:30.566" endtime="20220502 14:09:30.566"/>
</iter>
<iter>
<var name="${i}">174</var>
<kw name="Log To Console" library="BuiltIn">
<arg>${i}</arg>
<doc>Logs the given message to the console.</doc>
<status status="PASS" starttime="20220502 14:09:30.566" endtime="20220502 14:09:30.566"/>
</kw>
<status status="PASS" starttime="20220502 14:09:30.566" endtime="20220502 14:09:30.566"/>
</iter>
<iter>
<var name="${i}">175</var>
<kw name="Log To Console" library="BuiltIn">
<arg>${i}</arg>
<doc>Logs the given message to the console.</doc>
<status status="PASS" starttime="20220502 14:09:30.566" endtime="20220502 14:09:30.567"/>
</kw>
<status status="PASS" starttime="20220502 14:09:30.566" endtime="20220502 14:09:30.567"/>
</iter>
<iter>
<var name="${i}">176</var>
<kw name="Log To Console" library="BuiltIn">
<arg>${i}</arg>
<doc>Logs the given message to the console.</doc>
<status status="PASS" starttime="20220502 14:09:30.567" endtime="20220502 14:09:30.567"/>
</kw>
<status status="PASS" starttime="20220502 14:09:30.567" endtime="20220502 14:09:30.567"/>
</iter>
<iter>
<var name="${i}">177</var>
<kw name="Log To Console" library="BuiltIn">
<arg>${i}</arg>
<doc>Logs the given message to the console.</doc>
<status status="PASS" starttime="20220502 14:09:30.567" endtime="20220502 14:09:30.567"/>
</kw>
<status status="PASS" starttime="20220502 14:09:30.567" endtime="20220502 14:09:30.567"/>
</iter>
<iter>
<var name="${i}">178</var>
<kw name="Log To Console" library="BuiltIn">
<arg>${i}</arg>
<doc>Logs the given message to the console.</doc>
<status status="PASS" starttime="20220502 14:09:30.567" endtime="20220502 14:09:30.568"/>
</kw>
<status status="PASS" starttime="20220502 14:09:30.567" endtime="20220502 14:09:30.568"/>
</iter>
<iter>
<var name="${i}">179</var>
<kw name="Log To Console" library="BuiltIn">
<arg>${i}</arg>
<doc>Logs the given message to the console.</doc>
<status status="PASS" starttime="20220502 14:09:30.568" endtime="20220502 14:09:30.568"/>
</kw>
<status status="PASS" starttime="20220502 14:09:30.568" endtime="20220502 14:09:30.568"/>
</iter>
<iter>
<var name="${i}">180</var>
<kw name="Log To Console" library="BuiltIn">
<arg>${i}</arg>
<doc>Logs the given message to the console.</doc>
<status status="PASS" starttime="20220502 14:09:30.568" endtime="20220502 14:09:30.569"/>
</kw>
<status status="PASS" starttime="20220502 14:09:30.568" endtime="20220502 14:09:30.569"/>
</iter>
<iter>
<var name="${i}">181</var>
<kw name="Log To Console" library="BuiltIn">
<arg>${i}</arg>
<doc>Logs the given message to the console.</doc>
<status status="PASS" starttime="20220502 14:09:30.569" endtime="20220502 14:09:30.569"/>
</kw>
<status status="PASS" starttime="20220502 14:09:30.569" endtime="20220502 14:09:30.569"/>
</iter>
<iter>
<var name="${i}">182</var>
<kw name="Log To Console" library="BuiltIn">
<arg>${i}</arg>
<doc>Logs the given message to the console.</doc>
<status status="PASS" starttime="20220502 14:09:30.569" endtime="20220502 14:09:30.569"/>
</kw>
<status status="PASS" starttime="20220502 14:09:30.569" endtime="20220502 14:09:30.569"/>
</iter>
<iter>
<var name="${i}">183</var>
<kw name="Log To Console" library="BuiltIn">
<arg>${i}</arg>
<doc>Logs the given message to the console.</doc>
<status status="PASS" starttime="20220502 14:09:30.569" endtime="20220502 14:09:30.570"/>
</kw>
<status status="PASS" starttime="20220502 14:09:30.569" endtime="20220502 14:09:30.570"/>
</iter>
<iter>
<var name="${i}">184</var>
<kw name="Log To Console" library="BuiltIn">
<arg>${i}</arg>
<doc>Logs the given message to the console.</doc>
<status status="PASS" starttime="20220502 14:09:30.570" endtime="20220502 14:09:30.570"/>
</kw>
<status status="PASS" starttime="20220502 14:09:30.570" endtime="20220502 14:09:30.570"/>
</iter>
<iter>
<var name="${i}">185</var>
<kw name="Log To Console" library="BuiltIn">
<arg>${i}</arg>
<doc>Logs the given message to the console.</doc>
<status status="PASS" starttime="20220502 14:09:30.570" endtime="20220502 14:09:30.570"/>
</kw>
<status status="PASS" starttime="20220502 14:09:30.570" endtime="20220502 14:09:30.570"/>
</iter>
<iter>
<var name="${i}">186</var>
<kw name="Log To Console" library="BuiltIn">
<arg>${i}</arg>
<doc>Logs the given message to the console.</doc>
<status status="PASS" starttime="20220502 14:09:30.571" endtime="20220502 14:09:30.571"/>
</kw>
<status status="PASS" starttime="20220502 14:09:30.570" endtime="20220502 14:09:30.571"/>
</iter>
<iter>
<var name="${i}">187</var>
<kw name="Log To Console" library="BuiltIn">
<arg>${i}</arg>
<doc>Logs the given message to the console.</doc>
<status status="PASS" starttime="20220502 14:09:30.571" endtime="20220502 14:09:30.571"/>
</kw>
<status status="PASS" starttime="20220502 14:09:30.571" endtime="20220502 14:09:30.571"/>
</iter>
<iter>
<var name="${i}">188</var>
<kw name="Log To Console" library="BuiltIn">
<arg>${i}</arg>
<doc>Logs the given message to the console.</doc>
<status status="PASS" starttime="20220502 14:09:30.571" endtime="20220502 14:09:30.571"/>
</kw>
<status status="PASS" starttime="20220502 14:09:30.571" endtime="20220502 14:09:30.571"/>
</iter>
<iter>
<var name="${i}">189</var>
<kw name="Log To Console" library="BuiltIn">
<arg>${i}</arg>
<doc>Logs the given message to the console.</doc>
<status status="PASS" starttime="20220502 14:09:30.572" endtime="20220502 14:09:30.572"/>
</kw>
<status status="PASS" starttime="20220502 14:09:30.572" endtime="20220502 14:09:30.572"/>
</iter>
<iter>
<var name="${i}">190</var>
<kw name="Log To Console" library="BuiltIn">
<arg>${i}</arg>
<doc>Logs the given message to the console.</doc>
<status status="PASS" starttime="20220502 14:09:30.572" endtime="20220502 14:09:30.572"/>
</kw>
<status status="PASS" starttime="20220502 14:09:30.572" endtime="20220502 14:09:30.572"/>
</iter>
<iter>
<var name="${i}">191</var>
<kw name="Log To Console" library="BuiltIn">
<arg>${i}</arg>
<doc>Logs the given message to the console.</doc>
<status status="PASS" starttime="20220502 14:09:30.572" endtime="20220502 14:09:30.573"/>
</kw>
<status status="PASS" starttime="20220502 14:09:30.572" endtime="20220502 14:09:30.573"/>
</iter>
<iter>
<var name="${i}">192</var>
<kw name="Log To Console" library="BuiltIn">
<arg>${i}</arg>
<doc>Logs the given message to the console.</doc>
<status status="PASS" starttime="20220502 14:09:30.573" endtime="20220502 14:09:30.573"/>
</kw>
<status status="PASS" starttime="20220502 14:09:30.573" endtime="20220502 14:09:30.573"/>
</iter>
<iter>
<var name="${i}">193</var>
<kw name="Log To Console" library="BuiltIn">
<arg>${i}</arg>
<doc>Logs the given message to the console.</doc>
<status status="PASS" starttime="20220502 14:09:30.573" endtime="20220502 14:09:30.573"/>
</kw>
<status status="PASS" starttime="20220502 14:09:30.573" endtime="20220502 14:09:30.573"/>
</iter>
<iter>
<var name="${i}">194</var>
<kw name="Log To Console" library="BuiltIn">
<arg>${i}</arg>
<doc>Logs the given message to the console.</doc>
<status status="PASS" starttime="20220502 14:09:30.573" endtime="20220502 14:09:30.574"/>
</kw>
<status status="PASS" starttime="20220502 14:09:30.573" endtime="20220502 14:09:30.574"/>
</iter>
<iter>
<var name="${i}">195</var>
<kw name="Log To Console" library="BuiltIn">
<arg>${i}</arg>
<doc>Logs the given message to the console.</doc>
<status status="PASS" starttime="20220502 14:09:30.574" endtime="20220502 14:09:30.574"/>
</kw>
<status status="PASS" starttime="20220502 14:09:30.574" endtime="20220502 14:09:30.574"/>
</iter>
<iter>
<var name="${i}">196</var>
<kw name="Log To Console" library="BuiltIn">
<arg>${i}</arg>
<doc>Logs the given message to the console.</doc>
<status status="PASS" starttime="20220502 14:09:30.574" endtime="20220502 14:09:30.574"/>
</kw>
<status status="PASS" starttime="20220502 14:09:30.574" endtime="20220502 14:09:30.574"/>
</iter>
<iter>
<var name="${i}">197</var>
<kw name="Log To Console" library="BuiltIn">
<arg>${i}</arg>
<doc>Logs the given message to the console.</doc>
<status status="PASS" starttime="20220502 14:09:30.575" endtime="20220502 14:09:30.575"/>
</kw>
<status status="PASS" starttime="20220502 14:09:30.574" endtime="20220502 14:09:30.575"/>
</iter>
<iter>
<var name="${i}">198</var>
<kw name="Log To Console" library="BuiltIn">
<arg>${i}</arg>
<doc>Logs the given message to the console.</doc>
<status status="PASS" starttime="20220502 14:09:30.575" endtime="20220502 14:09:30.575"/>
</kw>
<status status="PASS" starttime="20220502 14:09:30.575" endtime="20220502 14:09:30.575"/>
</iter>
<iter>
<var name="${i}">199</var>
<kw name="Log To Console" library="BuiltIn">
<arg>${i}</arg>
<doc>Logs the given message to the console.</doc>
<status status="PASS" starttime="20220502 14:09:30.575" endtime="20220502 14:09:30.575"/>
</kw>
<status status="PASS" starttime="20220502 14:09:30.575" endtime="20220502 14:09:30.575"/>
</iter>
<iter>
<var name="${i}">200</var>
<kw name="Log To Console" library="BuiltIn">
<arg>${i}</arg>
<doc>Logs the given message to the console.</doc>
<status status="PASS" starttime="20220502 14:09:30.576" endtime="20220502 14:09:30.576"/>
</kw>
<status status="PASS" starttime="20220502 14:09:30.575" endtime="20220502 14:09:30.576"/>
</iter>
<iter>
<var name="${i}">201</var>
<kw name="Log To Console" library="BuiltIn">
<arg>${i}</arg>
<doc>Logs the given message to the console.</doc>
<status status="PASS" starttime="20220502 14:09:30.576" endtime="20220502 14:09:30.576"/>
</kw>
<status status="PASS" starttime="20220502 14:09:30.576" endtime="20220502 14:09:30.576"/>
</iter>
<iter>
<var name="${i}">202</var>
<kw name="Log To Console" library="BuiltIn">
<arg>${i}</arg>
<doc>Logs the given message to the console.</doc>
<status status="PASS" starttime="20220502 14:09:30.576" endtime="20220502 14:09:30.577"/>
</kw>
<status status="PASS" starttime="20220502 14:09:30.576" endtime="20220502 14:09:30.577"/>
</iter>
<iter>
<var name="${i}">203</var>
<kw name="Log To Console" library="BuiltIn">
<arg>${i}</arg>
<doc>Logs the given message to the console.</doc>
<status status="PASS" starttime="20220502 14:09:30.577" endtime="20220502 14:09:30.577"/>
</kw>
<status status="PASS" starttime="20220502 14:09:30.577" endtime="20220502 14:09:30.577"/>
</iter>
<iter>
<var name="${i}">204</var>
<kw name="Log To Console" library="BuiltIn">
<arg>${i}</arg>
<doc>Logs the given message to the console.</doc>
<status status="PASS" starttime="20220502 14:09:30.577" endtime="20220502 14:09:30.578"/>
</kw>
<status status="PASS" starttime="20220502 14:09:30.577" endtime="20220502 14:09:30.578"/>
</iter>
<iter>
<var name="${i}">205</var>
<kw name="Log To Console" library="BuiltIn">
<arg>${i}</arg>
<doc>Logs the given message to the console.</doc>
<status status="PASS" starttime="20220502 14:09:30.578" endtime="20220502 14:09:30.578"/>
</kw>
<status status="PASS" starttime="20220502 14:09:30.578" endtime="20220502 14:09:30.578"/>
</iter>
<iter>
<var name="${i}">206</var>
<kw name="Log To Console" library="BuiltIn">
<arg>${i}</arg>
<doc>Logs the given message to the console.</doc>
<status status="PASS" starttime="20220502 14:09:30.578" endtime="20220502 14:09:30.578"/>
</kw>
<status status="PASS" starttime="20220502 14:09:30.578" endtime="20220502 14:09:30.578"/>
</iter>
<iter>
<var name="${i}">207</var>
<kw name="Log To Console" library="BuiltIn">
<arg>${i}</arg>
<doc>Logs the given message to the console.</doc>
<status status="PASS" starttime="20220502 14:09:30.578" endtime="20220502 14:09:30.579"/>
</kw>
<status status="PASS" starttime="20220502 14:09:30.578" endtime="20220502 14:09:30.579"/>
</iter>
<iter>
<var name="${i}">208</var>
<kw name="Log To Console" library="BuiltIn">
<arg>${i}</arg>
<doc>Logs the given message to the console.</doc>
<status status="PASS" starttime="20220502 14:09:30.579" endtime="20220502 14:09:30.579"/>
</kw>
<status status="PASS" starttime="20220502 14:09:30.579" endtime="20220502 14:09:30.579"/>
</iter>
<iter>
<var name="${i}">209</var>
<kw name="Log To Console" library="BuiltIn">
<arg>${i}</arg>
<doc>Logs the given message to the console.</doc>
<status status="PASS" starttime="20220502 14:09:30.579" endtime="20220502 14:09:30.579"/>
</kw>
<status status="PASS" starttime="20220502 14:09:30.579" endtime="20220502 14:09:30.579"/>
</iter>
<iter>
<var name="${i}">210</var>
<kw name="Log To Console" library="BuiltIn">
<arg>${i}</arg>
<doc>Logs the given message to the console.</doc>
<status status="PASS" starttime="20220502 14:09:30.580" endtime="20220502 14:09:30.580"/>
</kw>
<status status="PASS" starttime="20220502 14:09:30.580" endtime="20220502 14:09:30.580"/>
</iter>
<iter>
<var name="${i}">211</var>
<kw name="Log To Console" library="BuiltIn">
<arg>${i}</arg>
<doc>Logs the given message to the console.</doc>
<status status="PASS" starttime="20220502 14:09:30.580" endtime="20220502 14:09:30.580"/>
</kw>
<status status="PASS" starttime="20220502 14:09:30.580" endtime="20220502 14:09:30.580"/>
</iter>
<iter>
<var name="${i}">212</var>
<kw name="Log To Console" library="BuiltIn">
<arg>${i}</arg>
<doc>Logs the given message to the console.</doc>
<status status="PASS" starttime="20220502 14:09:30.580" endtime="20220502 14:09:30.581"/>
</kw>
<status status="PASS" starttime="20220502 14:09:30.580" endtime="20220502 14:09:30.581"/>
</iter>
<iter>
<var name="${i}">213</var>
<kw name="Log To Console" library="BuiltIn">
<arg>${i}</arg>
<doc>Logs the given message to the console.</doc>
<status status="PASS" starttime="20220502 14:09:30.581" endtime="20220502 14:09:30.581"/>
</kw>
<status status="PASS" starttime="20220502 14:09:30.581" endtime="20220502 14:09:30.581"/>
</iter>
<iter>
<var name="${i}">214</var>
<kw name="Log To Console" library="BuiltIn">
<arg>${i}</arg>
<doc>Logs the given message to the console.</doc>
<status status="PASS" starttime="20220502 14:09:30.581" endtime="20220502 14:09:30.581"/>
</kw>
<status status="PASS" starttime="20220502 14:09:30.581" endtime="20220502 14:09:30.581"/>
</iter>
<iter>
<var name="${i}">215</var>
<kw name="Log To Console" library="BuiltIn">
<arg>${i}</arg>
<doc>Logs the given message to the console.</doc>
<status status="PASS" starttime="20220502 14:09:30.582" endtime="20220502 14:09:30.582"/>
</kw>
<status status="PASS" starttime="20220502 14:09:30.582" endtime="20220502 14:09:30.582"/>
</iter>
<iter>
<var name="${i}">216</var>
<kw name="Log To Console" library="BuiltIn">
<arg>${i}</arg>
<doc>Logs the given message to the console.</doc>
<status status="PASS" starttime="20220502 14:09:30.582" endtime="20220502 14:09:30.582"/>
</kw>
<status status="PASS" starttime="20220502 14:09:30.582" endtime="20220502 14:09:30.582"/>
</iter>
<iter>
<var name="${i}">217</var>
<kw name="Log To Console" library="BuiltIn">
<arg>${i}</arg>
<doc>Logs the given message to the console.</doc>
<status status="PASS" starttime="20220502 14:09:30.582" endtime="20220502 14:09:30.583"/>
</kw>
<status status="PASS" starttime="20220502 14:09:30.582" endtime="20220502 14:09:30.583"/>
</iter>
<iter>
<var name="${i}">218</var>
<kw name="Log To Console" library="BuiltIn">
<arg>${i}</arg>
<doc>Logs the given message to the console.</doc>
<status status="PASS" starttime="20220502 14:09:30.583" endtime="20220502 14:09:30.583"/>
</kw>
<status status="PASS" starttime="20220502 14:09:30.583" endtime="20220502 14:09:30.583"/>
</iter>
<iter>
<var name="${i}">219</var>
<kw name="Log To Console" library="BuiltIn">
<arg>${i}</arg>
<doc>Logs the given message to the console.</doc>
<status status="PASS" starttime="20220502 14:09:30.583" endtime="20220502 14:09:30.583"/>
</kw>
<status status="PASS" starttime="20220502 14:09:30.583" endtime="20220502 14:09:30.583"/>
</iter>
<iter>
<var name="${i}">220</var>
<kw name="Log To Console" library="BuiltIn">
<arg>${i}</arg>
<doc>Logs the given message to the console.</doc>
<status status="PASS" starttime="20220502 14:09:30.583" endtime="20220502 14:09:30.584"/>
</kw>
<status status="PASS" starttime="20220502 14:09:30.583" endtime="20220502 14:09:30.584"/>
</iter>
<iter>
<var name="${i}">221</var>
<kw name="Log To Console" library="BuiltIn">
<arg>${i}</arg>
<doc>Logs the given message to the console.</doc>
<status status="PASS" starttime="20220502 14:09:30.584" endtime="20220502 14:09:30.584"/>
</kw>
<status status="PASS" starttime="20220502 14:09:30.584" endtime="20220502 14:09:30.584"/>
</iter>
<iter>
<var name="${i}">222</var>
<kw name="Log To Console" library="BuiltIn">
<arg>${i}</arg>
<doc>Logs the given message to the console.</doc>
<status status="PASS" starttime="20220502 14:09:30.584" endtime="20220502 14:09:30.584"/>
</kw>
<status status="PASS" starttime="20220502 14:09:30.584" endtime="20220502 14:09:30.584"/>
</iter>
<iter>
<var name="${i}">223</var>
<kw name="Log To Console" library="BuiltIn">
<arg>${i}</arg>
<doc>Logs the given message to the console.</doc>
<status status="PASS" starttime="20220502 14:09:30.585" endtime="20220502 14:09:30.585"/>
</kw>
<status status="PASS" starttime="20220502 14:09:30.585" endtime="20220502 14:09:30.585"/>
</iter>
<iter>
<var name="${i}">224</var>
<kw name="Log To Console" library="BuiltIn">
<arg>${i}</arg>
<doc>Logs the given message to the console.</doc>
<status status="PASS" starttime="20220502 14:09:30.585" endtime="20220502 14:09:30.585"/>
</kw>
<status status="PASS" starttime="20220502 14:09:30.585" endtime="20220502 14:09:30.585"/>
</iter>
<iter>
<var name="${i}">225</var>
<kw name="Log To Console" library="BuiltIn">
<arg>${i}</arg>
<doc>Logs the given message to the console.</doc>
<status status="PASS" starttime="20220502 14:09:30.585" endtime="20220502 14:09:30.586"/>
</kw>
<status status="PASS" starttime="20220502 14:09:30.585" endtime="20220502 14:09:30.586"/>
</iter>
<iter>
<var name="${i}">226</var>
<kw name="Log To Console" library="BuiltIn">
<arg>${i}</arg>
<doc>Logs the given message to the console.</doc>
<status status="PASS" starttime="20220502 14:09:30.586" endtime="20220502 14:09:30.586"/>
</kw>
<status status="PASS" starttime="20220502 14:09:30.586" endtime="20220502 14:09:30.586"/>
</iter>
<iter>
<var name="${i}">227</var>
<kw name="Log To Console" library="BuiltIn">
<arg>${i}</arg>
<doc>Logs the given message to the console.</doc>
<status status="PASS" starttime="20220502 14:09:30.586" endtime="20220502 14:09:30.586"/>
</kw>
<status status="PASS" starttime="20220502 14:09:30.586" endtime="20220502 14:09:30.586"/>
</iter>
<iter>
<var name="${i}">228</var>
<kw name="Log To Console" library="BuiltIn">
<arg>${i}</arg>
<doc>Logs the given message to the console.</doc>
<status status="PASS" starttime="20220502 14:09:30.587" endtime="20220502 14:09:30.587"/>
</kw>
<status status="PASS" starttime="20220502 14:09:30.586" endtime="20220502 14:09:30.587"/>
</iter>
<iter>
<var name="${i}">229</var>
<kw name="Log To Console" library="BuiltIn">
<arg>${i}</arg>
<doc>Logs the given message to the console.</doc>
<status status="PASS" starttime="20220502 14:09:30.587" endtime="20220502 14:09:30.587"/>
</kw>
<status status="PASS" starttime="20220502 14:09:30.587" endtime="20220502 14:09:30.587"/>
</iter>
<iter>
<var name="${i}">230</var>
<kw name="Log To Console" library="BuiltIn">
<arg>${i}</arg>
<doc>Logs the given message to the console.</doc>
<status status="PASS" starttime="20220502 14:09:30.587" endtime="20220502 14:09:30.588"/>
</kw>
<status status="PASS" starttime="20220502 14:09:30.587" endtime="20220502 14:09:30.588"/>
</iter>
<iter>
<var name="${i}">231</var>
<kw name="Log To Console" library="BuiltIn">
<arg>${i}</arg>
<doc>Logs the given message to the console.</doc>
<status status="PASS" starttime="20220502 14:09:30.588" endtime="20220502 14:09:30.588"/>
</kw>
<status status="PASS" starttime="20220502 14:09:30.588" endtime="20220502 14:09:30.588"/>
</iter>
<iter>
<var name="${i}">232</var>
<kw name="Log To Console" library="BuiltIn">
<arg>${i}</arg>
<doc>Logs the given message to the console.</doc>
<status status="PASS" starttime="20220502 14:09:30.588" endtime="20220502 14:09:30.588"/>
</kw>
<status status="PASS" starttime="20220502 14:09:30.588" endtime="20220502 14:09:30.588"/>
</iter>
<iter>
<var name="${i}">233</var>
<kw name="Log To Console" library="BuiltIn">
<arg>${i}</arg>
<doc>Logs the given message to the console.</doc>
<status status="PASS" starttime="20220502 14:09:30.589" endtime="20220502 14:09:30.589"/>
</kw>
<status status="PASS" starttime="20220502 14:09:30.588" endtime="20220502 14:09:30.589"/>
</iter>
<iter>
<var name="${i}">234</var>
<kw name="Log To Console" library="BuiltIn">
<arg>${i}</arg>
<doc>Logs the given message to the console.</doc>
<status status="PASS" starttime="20220502 14:09:30.589" endtime="20220502 14:09:30.589"/>
</kw>
<status status="PASS" starttime="20220502 14:09:30.589" endtime="20220502 14:09:30.589"/>
</iter>
<iter>
<var name="${i}">235</var>
<kw name="Log To Console" library="BuiltIn">
<arg>${i}</arg>
<doc>Logs the given message to the console.</doc>
<status status="PASS" starttime="20220502 14:09:30.589" endtime="20220502 14:09:30.590"/>
</kw>
<status status="PASS" starttime="20220502 14:09:30.589" endtime="20220502 14:09:30.590"/>
</iter>
<iter>
<var name="${i}">236</var>
<kw name="Log To Console" library="BuiltIn">
<arg>${i}</arg>
<doc>Logs the given message to the console.</doc>
<status status="PASS" starttime="20220502 14:09:30.590" endtime="20220502 14:09:30.590"/>
</kw>
<status status="PASS" starttime="20220502 14:09:30.590" endtime="20220502 14:09:30.590"/>
</iter>
<iter>
<var name="${i}">237</var>
<kw name="Log To Console" library="BuiltIn">
<arg>${i}</arg>
<doc>Logs the given message to the console.</doc>
<status status="PASS" starttime="20220502 14:09:30.590" endtime="20220502 14:09:30.590"/>
</kw>
<status status="PASS" starttime="20220502 14:09:30.590" endtime="20220502 14:09:30.590"/>
</iter>
<iter>
<var name="${i}">238</var>
<kw name="Log To Console" library="BuiltIn">
<arg>${i}</arg>
<doc>Logs the given message to the console.</doc>
<status status="PASS" starttime="20220502 14:09:30.590" endtime="20220502 14:09:30.591"/>
</kw>
<status status="PASS" starttime="20220502 14:09:30.590" endtime="20220502 14:09:30.591"/>
</iter>
<iter>
<var name="${i}">239</var>
<kw name="Log To Console" library="BuiltIn">
<arg>${i}</arg>
<doc>Logs the given message to the console.</doc>
<status status="PASS" starttime="20220502 14:09:30.591" endtime="20220502 14:09:30.591"/>
</kw>
<status status="PASS" starttime="20220502 14:09:30.591" endtime="20220502 14:09:30.591"/>
</iter>
<iter>
<var name="${i}">240</var>
<kw name="Log To Console" library="BuiltIn">
<arg>${i}</arg>
<doc>Logs the given message to the console.</doc>
<status status="PASS" starttime="20220502 14:09:30.591" endtime="20220502 14:09:30.591"/>
</kw>
<status status="PASS" starttime="20220502 14:09:30.591" endtime="20220502 14:09:30.591"/>
</iter>
<iter>
<var name="${i}">241</var>
<kw name="Log To Console" library="BuiltIn">
<arg>${i}</arg>
<doc>Logs the given message to the console.</doc>
<status status="PASS" starttime="20220502 14:09:30.592" endtime="20220502 14:09:30.592"/>
</kw>
<status status="PASS" starttime="20220502 14:09:30.592" endtime="20220502 14:09:30.592"/>
</iter>
<iter>
<var name="${i}">242</var>
<kw name="Log To Console" library="BuiltIn">
<arg>${i}</arg>
<doc>Logs the given message to the console.</doc>
<status status="PASS" starttime="20220502 14:09:30.592" endtime="20220502 14:09:30.592"/>
</kw>
<status status="PASS" starttime="20220502 14:09:30.592" endtime="20220502 14:09:30.592"/>
</iter>
<iter>
<var name="${i}">243</var>
<kw name="Log To Console" library="BuiltIn">
<arg>${i}</arg>
<doc>Logs the given message to the console.</doc>
<status status="PASS" starttime="20220502 14:09:30.592" endtime="20220502 14:09:30.593"/>
</kw>
<status status="PASS" starttime="20220502 14:09:30.592" endtime="20220502 14:09:30.593"/>
</iter>
<iter>
<var name="${i}">244</var>
<kw name="Log To Console" library="BuiltIn">
<arg>${i}</arg>
<doc>Logs the given message to the console.</doc>
<status status="PASS" starttime="20220502 14:09:30.593" endtime="20220502 14:09:30.593"/>
</kw>
<status status="PASS" starttime="20220502 14:09:30.593" endtime="20220502 14:09:30.593"/>
</iter>
<iter>
<var name="${i}">245</var>
<kw name="Log To Console" library="BuiltIn">
<arg>${i}</arg>
<doc>Logs the given message to the console.</doc>
<status status="PASS" starttime="20220502 14:09:30.593" endtime="20220502 14:09:30.593"/>
</kw>
<status status="PASS" starttime="20220502 14:09:30.593" endtime="20220502 14:09:30.593"/>
</iter>
<iter>
<var name="${i}">246</var>
<kw name="Log To Console" library="BuiltIn">
<arg>${i}</arg>
<doc>Logs the given message to the console.</doc>
<status status="PASS" starttime="20220502 14:09:30.594" endtime="20220502 14:09:30.594"/>
</kw>
<status status="PASS" starttime="20220502 14:09:30.594" endtime="20220502 14:09:30.594"/>
</iter>
<iter>
<var name="${i}">247</var>
<kw name="Log To Console" library="BuiltIn">
<arg>${i}</arg>
<doc>Logs the given message to the console.</doc>
<status status="PASS" starttime="20220502 14:09:30.594" endtime="20220502 14:09:30.594"/>
</kw>
<status status="PASS" starttime="20220502 14:09:30.594" endtime="20220502 14:09:30.594"/>
</iter>
<iter>
<var name="${i}">248</var>
<kw name="Log To Console" library="BuiltIn">
<arg>${i}</arg>
<doc>Logs the given message to the console.</doc>
<status status="PASS" starttime="20220502 14:09:30.594" endtime="20220502 14:09:30.595"/>
</kw>
<status status="PASS" starttime="20220502 14:09:30.594" endtime="20220502 14:09:30.595"/>
</iter>
<iter>
<var name="${i}">249</var>
<kw name="Log To Console" library="BuiltIn">
<arg>${i}</arg>
<doc>Logs the given message to the console.</doc>
<status status="PASS" starttime="20220502 14:09:30.595" endtime="20220502 14:09:30.595"/>
</kw>
<status status="PASS" starttime="20220502 14:09:30.595" endtime="20220502 14:09:30.595"/>
</iter>
<iter>
<var name="${i}">250</var>
<kw name="Log To Console" library="BuiltIn">
<arg>${i}</arg>
<doc>Logs the given message to the console.</doc>
<status status="PASS" starttime="20220502 14:09:30.595" endtime="20220502 14:09:30.595"/>
</kw>
<status status="PASS" starttime="20220502 14:09:30.595" endtime="20220502 14:09:30.595"/>
</iter>
<status status="PASS" starttime="20220502 14:09:30.520" endtime="20220502 14:09:30.595"/>
</for>
<status status="PASS" starttime="20220502 14:09:30.519" endtime="20220502 14:09:30.595"/>
</test>
<doc>An example breaking out of the for loop based on some condition.</doc>
<status status="PASS" starttime="20220502 14:09:30.471" endtime="20220502 14:09:30.596"/>
</suite>
<statistics>
<total>
<stat pass="4" fail="0" skip="0">All Tasks</stat>
</total>
<tag>
</tag>
<suite>
<stat pass="4" fail="0" skip="0" id="s1" name="Loop">Loop</stat>
</suite>
</statistics>
<errors>
</errors>
</robot>
